Log file open, 10/02/17 23:52:51
LogWindows: Failed to load 'aqProf.dll' (GetLastError=126)
LogWindows: File 'aqProf.dll' does not exist
LogWindows: Failed to load 'VtuneApi.dll' (GetLastError=126)
LogWindows: File 'VtuneApi.dll' does not exist
LogWindows: Failed to load 'VtuneApi32e.dll' (GetLastError=126)
LogWindows: File 'VtuneApi32e.dll' does not exist
LogInit: Display: Running engine for game: Pong
LogPlatformFile: Not using cached read wrapper
LogInit: Display: RandInit(-1596639097) SRandInit(-1596639097).
LogTaskGraph: Started task graph with 5 named threads and 8 total threads with 3 sets of task threads.
LogStats: Stats thread started at 0.153741
LogD3D11RHI: Aftermath initialized
LogPluginManager: Mounting plugin Paper2D
LogPluginManager: Mounting plugin LightPropagationVolume
LogPluginManager: Mounting plugin CodeLiteSourceCodeAccess
LogPluginManager: Mounting plugin GitSourceControl
LogPluginManager: Mounting plugin KDevelopSourceCodeAccess
LogPluginManager: Mounting plugin NullSourceCodeAccess
LogPluginManager: Mounting plugin PerforceSourceControl
LogPluginManager: Mounting plugin SubversionSourceControl
LogPluginManager: Mounting plugin UObjectPlugin
LogPluginManager: Mounting plugin VisualStudioSourceCodeAccess
LogPluginManager: Mounting plugin XCodeSourceCodeAccess
LogPluginManager: Mounting plugin AssetManagerEditor
LogPluginManager: Mounting plugin AudioCapture
LogPluginManager: Mounting plugin FacialAnimation
LogPluginManager: Mounting plugin GameplayTagsEditor
LogPluginManager: Mounting plugin MobileLauncherProfileWizard
LogPluginManager: Mounting plugin PluginBrowser
LogPluginManager: Mounting plugin SpeedTreeImporter
LogPluginManager: Mounting plugin AlembicImporter
LogPluginManager: Mounting plugin CharacterAI
LogPluginManager: Mounting plugin HTML5Networking
LogPluginManager: Mounting plugin AndroidMedia
LogPluginManager: Mounting plugin AvfMedia
LogPluginManager: Mounting plugin MediaPlayerEditor
LogPluginManager: Mounting plugin WmfMedia
LogPluginManager: Mounting plugin TcpMessaging
LogPluginManager: Mounting plugin UdpMessaging
LogPluginManager: Mounting plugin LevelSequenceEditor
LogPluginManager: Mounting plugin MatineeToLevelSequence
LogPluginManager: Mounting plugin OnlineSubsystemGooglePlay
LogPluginManager: Mounting plugin OnlineSubsystemIOS
LogPluginManager: Mounting plugin OnlineSubsystem
LogPluginManager: Mounting plugin OnlineSubsystemNull
LogPluginManager: Mounting plugin OnlineSubsystemUtils
LogPluginManager: Mounting plugin AndroidDeviceProfileSelector
LogPluginManager: Mounting plugin AndroidMoviePlayer
LogPluginManager: Mounting plugin AndroidPermission
LogPluginManager: Mounting plugin AppleMoviePlayer
LogPluginManager: Mounting plugin ArchVisCharacter
LogPluginManager: Mounting plugin CableComponent
LogPluginManager: Mounting plugin CustomMeshComponent
LogPluginManager: Mounting plugin ExampleDeviceProfileSelector
LogPluginManager: Mounting plugin GoogleCloudMessaging
LogPluginManager: Mounting plugin ImmediatePhysics
LogPluginManager: Mounting plugin IOSDeviceProfileSelector
LogPluginManager: Mounting plugin LinuxDeviceProfileSelector
LogPluginManager: Mounting plugin LocationServicesBPLibrary
LogPluginManager: Mounting plugin MobilePatchingUtils
LogPluginManager: Mounting plugin OculusVR
LogPluginManager: Mounting plugin PhysXVehicles
LogPluginManager: Mounting plugin ProceduralMeshComponent
LogPluginManager: Mounting plugin RuntimePhysXCooking
LogPluginManager: Mounting plugin SteamVR
LogPluginManager: Mounting plugin WindowsMoviePlayer
LogInit: Using libcurl 7.47.1
LogInit:  - built for x86_64-pc-win32
LogInit:  - supports SSL with OpenSSL/1.0.2g
LogInit:  - supports HTTP deflate (compression) using libz 1.2.8
LogInit:  - other features:
LogInit:      CURL_VERSION_SSL
LogInit:      CURL_VERSION_LIBZ
LogInit:      CURL_VERSION_IPV6
LogInit:      CURL_VERSION_ASYNCHDNS
LogInit:      CURL_VERSION_LARGEFILE
LogInit:      CURL_VERSION_IDN
LogInit:  CurlRequestOptions (configurable via config and command line):
LogInit:  - bVerifyPeer = false  - Libcurl will NOT verify peer certificate
LogInit:  - bUseHttpProxy = false  - Libcurl will NOT use HTTP proxy
LogInit:  - bDontReuseConnections = false  - Libcurl will reuse connections
LogInit:  - CertBundlePath = nullptr  - Libcurl will use whatever was configured at build time.
LogInit: Build: ++UE4+Release-4.17-CL-3658906
LogInit: Engine Version: 4.17.2-3658906+++UE4+Release-4.17
LogInit: Compatible Engine Version: 4.17.0-3573198+++UE4+Release-4.17
LogInit: Net CL: 3573198
LogDevObjectVersion: Number of dev versions registered: 16
LogDevObjectVersion:   Dev-Blueprints (B0D832E4-1F89-4F0D-ACCF-7EB736FD4AA2): 10
LogDevObjectVersion:   Dev-Build (E1C64328-A22C-4D53-A36C-8E866417BD8C): 0
LogDevObjectVersion:   Dev-Core (375EC13C-06E4-48FB-B500-84F0262A717E): 2
LogDevObjectVersion:   Dev-Editor (E4B068ED-F494-42E9-A231-DA0B2E46BB41): 20
LogDevObjectVersion:   Dev-Framework (CFFC743F-43B0-4480-9391-14DF171D2073): 28
LogDevObjectVersion:   Dev-Mobile (B02B49B5-BB20-44E9-A304-32B752E40360): 0
LogDevObjectVersion:   Dev-Networking (A4E4105C-59A1-49B5-A7C5-40C4547EDFEE): 0
LogDevObjectVersion:   Dev-Online (39C831C9-5AE6-47DC-9A44-9C173E1C8E7C): 0
LogDevObjectVersion:   Dev-Physics (78F01B33-EBEA-4F98-B9B4-84EACCB95AA2): 0
LogDevObjectVersion:   Dev-Platform (6631380F-2D4D-43E0-8009-CF276956A95A): 0
LogDevObjectVersion:   Dev-Rendering (12F88B9F-8875-4AFC-A67C-D90C383ABD29): 19
LogDevObjectVersion:   Dev-Sequencer (7B5AE74C-D270-4C10-A958-57980B212A5A): 4
LogDevObjectVersion:   Dev-VR (D7296918-1DD6-4BDD-9DE2-64A83CC13884): 0
LogDevObjectVersion:   Dev-LoadTimes (C2A15278-BFE7-4AFE-6C17-90FF531DF755): 1
LogDevObjectVersion:   Private-Geometry (6EACA3D4-40EC-4CC1-B786-8BED09428FC5): 1
LogDevObjectVersion:   Dev-AnimPhys (29E575DD-E0A3-4627-9D10-D276232CDCEA): 7
LogInit: Compiled (64-bit): Sep 22 2017 13:47:16
LogInit: Compiled with Visual C++: 19.00.24215.01
LogInit: Build Configuration: Development
LogInit: Branch Name: ++UE4+Release-4.17
LogInit: Command line:  
LogInit: Base directory: C:/Program Files/Epic Games/UE_4.17/Engine/Binaries/Win64/
LogInit: Installed Engine Build: 1
LogInit: Presizing for max 8388607 objects, including 0 objects not considered by GC, pre-allocating 0 bytes for permanent pool.
LogInit: Object subsystem initialized
[2017.10.03-04.52.52:838][  0]LogInit: Selected Device Profile: [Windows]
[2017.10.03-04.52.52:838][  0]LogInit: Applying CVar settings loaded from the selected device profile: [Windows]
[2017.10.03-04.52.52:872][  0]LogInit: Computer: TSNY-LAPTOP
[2017.10.03-04.52.52:872][  0]LogInit: User: tsny7
[2017.10.03-04.52.52:872][  0]LogInit: CPU Page size=4096, Cores=2
[2017.10.03-04.52.52:872][  0]LogInit: High frequency timer resolution =2.249999 MHz
[2017.10.03-04.52.52:873][  0]LogMemory: Memory total: Physical=3.9GB (4GB approx)
[2017.10.03-04.52.52:873][  0]LogMemory: Platform Memory Stats for Windows
[2017.10.03-04.52.52:873][  0]LogMemory: Process Physical Memory: 277.64 MB used, 277.64 MB peak
[2017.10.03-04.52.52:873][  0]LogMemory: Process Virtual Memory: 275.73 MB used, 275.73 MB peak
[2017.10.03-04.52.52:873][  0]LogMemory: Physical Memory: 2833.00 MB used,  1114.47 MB free, 3947.47 MB total
[2017.10.03-04.52.52:873][  0]LogMemory: Virtual Memory: 667.00 MB used,  1114.47 MB free, 134217728.00 MB total
[2017.10.03-04.52.53:131][  0]LogInit: Using OS detected language (en-US).
[2017.10.03-04.52.53:131][  0]LogInit: Using OS detected locale (en-US).
[2017.10.03-04.52.53:216][  0]LogTextLocalizationManager: No specific localization for 'en-US' exists, so the 'en' localization will be used.
[2017.10.03-04.52.57:632][  0]LogD3D11RHI: D3D11 adapters:
[2017.10.03-04.52.57:642][  0]LogD3D11RHI:    0. 'Intel(R) HD Graphics 520' (Feature Level 11_0)
[2017.10.03-04.52.57:642][  0]LogD3D11RHI:       128/0/1973 MB DedicatedVideo/DedicatedSystem/SharedSystem, Outputs:1, VendorId:0x8086
[2017.10.03-04.52.57:650][  0]LogD3D11RHI:    1. 'Microsoft Basic Render Driver' (Feature Level 11_0)
[2017.10.03-04.52.57:650][  0]LogD3D11RHI:       0/0/1973 MB DedicatedVideo/DedicatedSystem/SharedSystem, Outputs:0, VendorId:0x1414
[2017.10.03-04.52.57:650][  0]LogD3D11RHI: Chosen D3D11 Adapter: 0
[2017.10.03-04.52.57:660][  0]LogD3D11RHI: Creating new Direct3DDevice
[2017.10.03-04.52.57:660][  0]LogD3D11RHI:     GPU DeviceId: 0x1916 (for the marketing name, search the web for "GPU Device Id")
[2017.10.03-04.52.57:660][  0]LogWindows: EnumDisplayDevices:
[2017.10.03-04.52.57:661][  0]LogWindows:    0. 'Intel(R) HD Graphics 520' (P:1 D:1)
[2017.10.03-04.52.57:661][  0]LogWindows:    1. 'Intel(R) HD Graphics 520' (P:0 D:0)
[2017.10.03-04.52.57:661][  0]LogWindows:    2. 'Intel(R) HD Graphics 520' (P:0 D:0)
[2017.10.03-04.52.57:661][  0]LogWindows: DebugString: FoundDriverCount:3 
[2017.10.03-04.52.57:661][  0]LogD3D11RHI:     Adapter Name: Intel(R) HD Graphics 520
[2017.10.03-04.52.57:661][  0]LogD3D11RHI:   Driver Version: 21.20.16.4664 (internal:21.20.16.4664, unified:21.20.16.4664)
[2017.10.03-04.52.57:661][  0]LogD3D11RHI:      Driver Date: 4-21-2017
[2017.10.03-04.52.57:661][  0]LogRHI: Texture pool is 780 MB (70% of 1114 MB)
[2017.10.03-04.52.57:669][  0]LogD3D11RHI: Async texture creation enabled
[2017.10.03-04.52.57:679][  0]LogD3D11RHI: GPU Timing Frequency: 12.000000 (Debug: 2 0)
[2017.10.03-04.52.57:681][  0]LogShaderCompilers: Guid format shader working directory is -14 characters bigger than the processId version (../../../../../../Users/tsny7/Documents/Unreal Projects/Pong/Intermediate/Shaders/WorkingDirectory/5324/).
[2017.10.03-04.52.57:681][  0]LogShaderCompilers: Cleaned the shader compiler working directory 'C:/Users/tsny7/AppData/Local/Temp/UnrealShaderWorkingDir/FAD670174F753FE20E8056AF9039C05A/'.
[2017.10.03-04.52.57:681][  0]LogShaderCompilers: Display: Using Local Shader Compiler.
[2017.10.03-04.53.00:565][  0]LogTemp: Display: Loaded TP AllDesktopTargetPlatform
[2017.10.03-04.53.00:645][  0]LogTemp: Display: Loaded TP MacClientTargetPlatform
[2017.10.03-04.53.00:765][  0]LogTemp: Display: Loaded TP MacNoEditorTargetPlatform
[2017.10.03-04.53.00:856][  0]LogTemp: Display: Loaded TP MacServerTargetPlatform
[2017.10.03-04.53.00:955][  0]LogTemp: Display: Loaded TP MacTargetPlatform
[2017.10.03-04.53.01:043][  0]LogTemp: Display: Loaded TP WindowsClientTargetPlatform
[2017.10.03-04.53.01:132][  0]LogTemp: Display: Loaded TP WindowsNoEditorTargetPlatform
[2017.10.03-04.53.01:211][  0]LogTemp: Display: Loaded TP WindowsServerTargetPlatform
[2017.10.03-04.53.01:300][  0]LogTemp: Display: Loaded TP WindowsTargetPlatform
[2017.10.03-04.53.01:395][  0]LogTemp: Display: Loaded TP AndroidTargetPlatform
[2017.10.03-04.53.01:476][  0]LogTemp: Display: Loaded TP Android_ASTCTargetPlatform
[2017.10.03-04.53.01:562][  0]LogTemp: Display: Loaded TP Android_ATCTargetPlatform
[2017.10.03-04.53.01:665][  0]LogTemp: Display: Loaded TP Android_DXTTargetPlatform
[2017.10.03-04.53.01:776][  0]LogTemp: Display: Loaded TP Android_ETC1TargetPlatform
[2017.10.03-04.53.01:877][  0]LogTemp: Display: Loaded TP Android_ETC2TargetPlatform
[2017.10.03-04.53.02:058][  0]LogTemp: Display: Loaded TP Android_MultiTargetPlatform
[2017.10.03-04.53.02:058][  0]LogTemp: Display: Loaded TP Android_PVRTCTargetPlatform
[2017.10.03-04.53.02:153][  0]LogTemp: Display: Loaded TP HTML5TargetPlatform
[2017.10.03-04.53.02:277][  0]LogTemp: Display: Loaded TP IOSTargetPlatform
[2017.10.03-04.53.02:319][  0]LogTemp: Display: Loaded TP TVOSTargetPlatform
[2017.10.03-04.53.02:432][  0]LogTemp: Display: Loaded TP LinuxClientTargetPlatform
[2017.10.03-04.53.02:530][  0]LogTemp: Display: Loaded TP LinuxNoEditorTargetPlatform
[2017.10.03-04.53.02:622][  0]LogTemp: Display: Loaded TP LinuxServerTargetPlatform
[2017.10.03-04.53.02:721][  0]LogTemp: Display: Loaded TP LinuxTargetPlatform
[2017.10.03-04.53.02:721][  0]LogTargetPlatformManager: Display: Building Assets For Windows
[2017.10.03-04.53.03:577][  0]LogDerivedDataCache: Display: Max Cache Size: 512 MB
[2017.10.03-04.53.04:056][  0]LogDerivedDataCache: Loaded boot cache 0.48s 93MB C:/Users/tsny7/AppData/Local/UnrealEngine/4.17/DerivedDataCache/Boot.ddc.
[2017.10.03-04.53.04:056][  0]LogDerivedDataCache: Display: Loaded Boot cache: C:/Users/tsny7/AppData/Local/UnrealEngine/4.17/DerivedDataCache/Boot.ddc
[2017.10.03-04.53.04:056][  0]LogDerivedDataCache: FDerivedDataBackendGraph:  Pak pak cache file ../../../../../../Users/tsny7/Documents/Unreal Projects/Pong/DerivedDataCache/DDC.ddp not found, will not use a pak cache.
[2017.10.03-04.53.04:056][  0]LogDerivedDataCache: Unable to find inner node Pak for hierarchical cache Hierarchy.
[2017.10.03-04.53.04:056][  0]LogDerivedDataCache: FDerivedDataBackendGraph:  CompressedPak pak cache file ../../../../../../Users/tsny7/Documents/Unreal Projects/Pong/DerivedDataCache/Compressed.ddp not found, will not use a pak cache.
[2017.10.03-04.53.04:056][  0]LogDerivedDataCache: Unable to find inner node CompressedPak for hierarchical cache Hierarchy.
[2017.10.03-04.53.04:080][  0]LogDerivedDataCache: Display: Pak cache opened for reading ../../../Engine/DerivedDataCache/Compressed.ddp.
[2017.10.03-04.53.04:092][  0]LogDerivedDataCache: Using Local data cache path C:/Users/tsny7/AppData/Local/UnrealEngine/Common/DerivedDataCache: Writable
[2017.10.03-04.53.04:109][  0]LogMaterial: Verifying Global Shaders for PCD3D_SM5
[2017.10.03-04.53.04:110][  0]LogSlate: Using Freetype 2.6.0
[2017.10.03-04.53.04:125][  0]LogSlate: SlateFontCache - WITH_FREETYPE: 1, WITH_HARFBUZZ: 1
[2017.10.03-04.53.04:125][  0]LogSlate: SlateFontCache - WITH_FREETYPE: 1, WITH_HARFBUZZ: 1
[2017.10.03-04.53.05:781][  0]LogAssetRegistry: FAssetRegistry took 0.0318 seconds to start up
[2017.10.03-04.53.06:138][  0]LogInit: Selected Device Profile: [Windows]
[2017.10.03-04.53.06:524][  0]LogContentStreaming: Texture pool size is 0.00 MB
[2017.10.03-04.53.08:045][  0]LogSimplygon: Simplygon DLL not present - disabling.
[2017.10.03-04.53.08:196][  0]LogMeshReduction: Using SimplygonSwarm for distributed automatic mesh merging
[2017.10.03-04.53.08:197][  0]LogMeshReduction: Using QuadricMeshReduction for automatic static mesh reduction
[2017.10.03-04.53.08:197][  0]LogMeshReduction: No automatic skeletal mesh reduction module available
[2017.10.03-04.53.08:197][  0]LogMeshReduction: No automatic mesh merging module available
[2017.10.03-04.53.08:197][  0]LogMeshMerging: No automatic mesh merging module available
[2017.10.03-04.53.09:027][  0]LogNetVersion: Pong , NetCL: 3573198, EngineNetVer: 2, GameNetVer: 0 (Checksum: 3188023525)
[2017.10.03-04.53.09:512][  0]LogPackageLocalizationCache: Processed 5 localized package path(s) for 2 prioritized culture(s) in 0.068145 seconds
[2017.10.03-04.53.09:521][  0]LogUObjectArray: 35825 objects as part of root set at end of initial load.
[2017.10.03-04.53.09:521][  0]LogUObjectAllocator: 7529112 out of 0 bytes used by permanent object pool.
[2017.10.03-04.53.09:521][  0]LogUObjectArray: CloseDisregardForGC: 0/0 objects in disregard for GC pool
[2017.10.03-04.53.09:616][  0]LogInit: WinSock: version 1.1 (2.2), MaxSocks=32767, MaxUdp=65467
[2017.10.03-04.53.18:447][  0]LogTcpMessaging: Initializing TcpMessaging bridge
[2017.10.03-04.53.18:509][  0]LogUdpMessaging: Initializing bridge on interface 0.0.0.0:0 to multicast group 230.0.0.1:6666.
[2017.10.03-04.53.19:817][  0]LogMaterial: Uniform references updated for custom material expression Custom.
[2017.10.03-04.53.20:821][  0]SourceControl: Source control is disabled
[2017.10.03-04.53.20:821][  0]SourceControl: Source control is disabled
[2017.10.03-04.53.20:928][  0]SourceControl: Source control is disabled
[2017.10.03-04.53.21:022][  0]SourceControl: Source control is disabled
[2017.10.03-04.53.27:250][  0]LogAndroidPermission: UAndroidPermissionCallbackProxy::GetInstance
[2017.10.03-04.53.27:759][  0]LogOcInput: OculusInput pre-init called
[2017.10.03-04.53.28:432][  0]LogEngine: Initializing Engine...
[2017.10.03-04.53.28:440][  0]LogHMD: Failed to initialize OpenVR with code 110
[2017.10.03-04.53.29:207][  0]LogStats: UGameplayTagsManager::ConstructGameplayTagTree: Construct from data asset -  0.000 s
[2017.10.03-04.53.29:209][  0]LogStats: UGameplayTagsManager::ConstructGameplayTagTree: GameplayTagTreeChangedEvent.Broadcast -  0.001 s
[2017.10.03-04.53.29:542][  0]LogAIModule: Creating AISystem for world Untitled
[2017.10.03-04.53.29:581][  0]LogInit: XAudio2 using 'Speakers / Headphones (Realtek Audio)' : 2 channels at 48 kHz using 32 bits per sample (channel mask 0x3)
[2017.10.03-04.53.29:627][  0]LogInit: FAudioDevice initialized.
[2017.10.03-04.53.30:364][  0]LogDerivedDataCache: Saved boot cache 0.74s 93MB C:/Users/tsny7/AppData/Local/UnrealEngine/4.17/DerivedDataCache/Boot.ddc.
[2017.10.03-04.53.30:390][  0]LogInit: Texture streaming: Enabled
[2017.10.03-04.53.30:725][  0]LogEngineSessionManager: EngineSessionManager initialized
[2017.10.03-04.53.32:914][  0]LogInit: Transaction tracking system initialized
[2017.10.03-04.53.33:793][  0]BlueprintLog: New page: Editor Load
[2017.10.03-04.53.37:836][  0]LocalizationService: Localization service is disabled
[2017.10.03-04.53.39:240][  0]LogConsoleResponse: Display: 
[2017.10.03-04.53.39:999][  0]LogFileCache: Scanning file cache for directory 'C:/Users/tsny7/Documents/Unreal Projects/Pong/Content/' took 0.02s
[2017.10.03-04.53.39:999][  0]LogCook: Display: Max memory allowance for cook 16384mb min free memory 0mb
[2017.10.03-04.53.39:999][  0]LogCook: Display: Mobile HDR setting 1
[2017.10.03-04.53.40:005][  0]LogGameplayTags: Display: UGameplayTagsManager::DoneAddingNativeTags. DelegateIsBound: 0
[2017.10.03-04.53.42:268][  0]SourceControl: Source control is disabled
[2017.10.03-04.53.42:274][  0]Cmd: MAP LOAD FILE="../../../Engine/Content/Maps/Templates/Template_Default.umap" TEMPLATE=1 SHOWPROGRESS=1 FEATURELEVEL=3
[2017.10.03-04.53.42:288][  0]LightingResults: New page: Lighting Build
[2017.10.03-04.53.42:389][  0]MapCheck: New page: Map Check
[2017.10.03-04.53.42:389][  0]LightingResults: New page: Lighting Build
[2017.10.03-04.53.42:944][  0]LogAIModule: Creating AISystem for world Untitled_1
[2017.10.03-04.53.42:996][  0]LogEditorServer: Finished looking for orphan Actors (0.000 secs)
[2017.10.03-04.53.43:033][  0]Cmd: MAP CHECKDEP NOCLEARLOG
[2017.10.03-04.53.43:098][  0]MapCheck: Map check complete: 0 Error(s), 0 Warning(s), took 65.115ms to complete.
[2017.10.03-04.53.43:098][  0]LogFileHelpers: Loading map 'Template_Default' took 0.827
[2017.10.03-04.53.43:472][  0]LogCollectionManager: Loaded 0 collections in 0.002532 seconds
[2017.10.03-04.53.43:598][  0]LogFileCache: Scanning file cache for directory 'C:/Users/tsny7/Documents/Unreal Projects/Pong/Saved/Collections/' took 0.01s
[2017.10.03-04.53.43:598][  0]LogFileCache: Scanning file cache for directory 'C:/Users/tsny7/Documents/Unreal Projects/Pong/Content/Developers/tsny7/Collections/' took 0.01s
[2017.10.03-04.53.43:598][  0]LogFileCache: Scanning file cache for directory 'C:/Users/tsny7/Documents/Unreal Projects/Pong/Content/Collections/' took 0.01s
[2017.10.03-04.53.43:598][  0]LogCollectionManager: Rebuilt the GUID cache for 0 collections in 0.000000 seconds
[2017.10.03-04.53.43:611][  0]LogContentBrowser: Native class hierarchy populated in 0.0127 seconds. Added 2386 classes and 500 folders.
[2017.10.03-04.53.43:705][  0]LogContentBrowser: Native class hierarchy updated for 'WidgetCarousel' in 0.0008 seconds. Added 0 classes and 0 folders.
[2017.10.03-04.53.44:322][  0]LogContentBrowser: Native class hierarchy updated for 'AddContentDialog' in 0.0009 seconds. Added 0 classes and 0 folders.
[2017.10.03-04.53.44:407][  0]LogContentBrowser: Native class hierarchy updated for 'SceneOutliner' in 0.0008 seconds. Added 1 classes and 2 folders.
[2017.10.03-04.53.44:550][  0]LogSlate: Took 0.007112 seconds to synchronously load lazily loaded font '../../../Engine/Content/Slate/Fonts/Roboto-Regular.ttf' (155K)
[2017.10.03-04.53.44:565][  0]LogSlate: Took 0.008115 seconds to synchronously load lazily loaded font '../../../Engine/Content/Slate/Fonts/Roboto-Bold.ttf' (160K)
[2017.10.03-04.53.44:588][  0]LogSlate: Took 0.009837 seconds to synchronously load lazily loaded font '../../../Engine/Content/Editor/Slate/Fonts/FontAwesome.ttf' (139K)
[2017.10.03-04.53.44:842][  0]LogRenderer: Reallocating scene render targets to support 964x468 Format 10 NumSamples 1 (Frame:1).
[2017.10.03-04.53.46:097][  0]LogContentBrowser: Native class hierarchy updated for 'HierarchicalLODOutliner' in 0.0009 seconds. Added 1 classes and 2 folders.
[2017.10.03-04.53.46:098][  0]LogLoad: (Engine Initialization) Total time: 56.38 seconds
[2017.10.03-04.53.46:098][  0]LogLoad: (Engine Initialization) Total Blueprint compile time: 0.00 seconds
[2017.10.03-04.53.46:100][  0]LogExternalProfiler: Found external profiler: VSPerf
[2017.10.03-04.53.46:100][  0]LogExternalProfiler: Using external profiler: VSPerf
[2017.10.03-04.53.46:484][  0]LogContentStreaming: Texture pool size now 1000 MB
[2017.10.03-04.53.47:446][  3]LogAssetRegistry: Asset discovery search completed in 41.6885 seconds
[2017.10.03-04.53.47:455][  3]LogCollectionManager: Rebuilt the object cache for 0 collections in 0.000000 seconds (found 0 objects)
[2017.10.03-04.53.47:455][  3]LogCollectionManager: Fixed up redirectors for 0 collections in 0.000083 seconds (updated 0 objects)
[2017.10.03-04.53.50:721][ 41]LogSlate: Took 0.008101 seconds to synchronously load lazily loaded font '../../../Engine/Content/Slate/Fonts/Roboto-Light.ttf' (159K)
[2017.10.03-04.54.01:024][ 72]LogEditorViewport: Clicking on Actor (LMB): StaticMeshActor (Floor)
[2017.10.03-04.54.02:922][ 98]Cmd: DELETE
[2017.10.03-04.54.02:922][ 98]Cmd: ACTOR DELETE
[2017.10.03-04.54.02:950][ 98]LogEditorActor: Deleted Actor: StaticMeshActor
[2017.10.03-04.54.03:035][ 98]LogEditorActor: Deleted 1 Actors (0.097 secs)
[2017.10.03-04.54.29:933][808]LogActorFactory: Actor Factory created Plane
[2017.10.03-04.54.30:833][829]LogActorFactory: Actor Factory created Plane
[2017.10.03-04.54.42:816][121]LogSlate: Took 0.001353 seconds to synchronously load lazily loaded font '../../../Engine/Content/Slate/Fonts/Roboto-Light.ttf' (159K)
[2017.10.03-04.54.43:821][121]LogContentBrowser: Native class hierarchy updated for 'BlueprintGraph' in 0.0013 seconds. Added 113 classes and 0 folders.
[2017.10.03-04.54.49:551][182]LogRenderer: Reallocating scene render targets to support 964x712 Format 10 NumSamples 1 (Frame:59).
[2017.10.03-04.55.09:284][593]LogSlate: Took 0.014763 seconds to synchronously load lazily loaded font '../../../Engine/Content/Editor/Slate/Fonts/Roboto-Italic.ttf' (157K)
[2017.10.03-04.55.24:294][962]LogContentBrowser: Native class hierarchy updated for 'MaterialEditor' in 0.0009 seconds. Added 1 classes and 0 folders.
[2017.10.03-04.55.24:569][962]LogRenderer: Reallocating scene render targets to support 1112x740 Format 10 NumSamples 1 (Frame:1).
[2017.10.03-04.56.29:780][527]LogMaterial: Missing cached shader map for material FDebugViewModeMaterialProxy BasicShapeMaterial_Inst, compiling. 
[2017.10.03-04.56.31:532][527]TextureStreamingBuild: Display: Compiling optional shaders took 1.766 seconds.
[2017.10.03-04.56.55:499][982]LogSlate: Took 0.008616 seconds to synchronously load lazily loaded font '../../../Engine/Content/Slate/Fonts/Roboto-Light.ttf' (159K)
[2017.10.03-04.57.42:920][950]LogEditorViewport: Clicking on Actor (LMB): BP_Sky_Sphere_C (Sky Sphere)
[2017.10.03-04.57.43:898][968]LogEditorViewport: Clicking on Actor (LMB): BP_Background_C (BP_Background)
[2017.10.03-04.58.02:941][335]LogEditorViewport: Clicking on Actor (LMB): BP_Background_C (BP_Background)
[2017.10.03-04.58.18:774][690]LogTemp: Repeating last play command: Selected Viewport
[2017.10.03-04.58.18:894][690]LogPlayLevel: PlayLevel: No blueprints needed recompiling
[2017.10.03-04.58.18:901][690]PIE: New page: PIE session: Untitled_1 (Oct 2, 2017, 6:58:18 PM)
[2017.10.03-04.58.18:902][690]LogPlayLevel: Creating play world package: /Temp/UEDPIE_0_Untitled_1
[2017.10.03-04.58.18:909][690]LogPlayLevel: PIE: StaticDuplicateObject took: (0.006539s)
[2017.10.03-04.58.18:910][690]LogAIModule: Creating AISystem for world Untitled_1
[2017.10.03-04.58.18:911][690]LogPlayLevel: PIE: World Init took: (0.002193s)
[2017.10.03-04.58.18:912][690]LogPlayLevel: PIE: Created PIE world by copying editor world from /Temp/Untitled_1.Untitled_1 to /Temp/UEDPIE_0_Untitled_1.Untitled_1 (0.010660s)
[2017.10.03-04.58.18:948][690]LogInit: XAudio2 using 'Speakers / Headphones (Realtek Audio)' : 2 channels at 48 kHz using 32 bits per sample (channel mask 0x3)
[2017.10.03-04.58.19:005][690]LogInit: FAudioDevice initialized.
[2017.10.03-04.58.19:059][690]LogLoad: Game class is 'GameModeBase'
[2017.10.03-04.58.19:078][690]LogWorld: Bringing World /Temp/UEDPIE_0_Untitled_1.Untitled_1 up for play (max tick rate 0) at 2017.10.02-23.58.19
[2017.10.03-04.58.19:082][690]LogWorld: Bringing up level for play took: 0.005334
[2017.10.03-04.58.19:179][690]LogContentBrowser: Native class hierarchy updated for 'MovieSceneCapture' in 0.0027 seconds. Added 11 classes and 0 folders.
[2017.10.03-04.58.19:189][690]PIE: Play in editor start time for /Temp/UEDPIE_0_Untitled_1 1.152
[2017.10.03-04.58.22:997][795]Cmd: LevelEditor.ToggleImmersive
[2017.10.03-04.58.23:262][796]LogRenderer: Reallocating scene render targets to support 1468x784 Format 10 NumSamples 1 (Frame:107).
[2017.10.03-04.58.23:429][797]LogRenderer: Reallocating scene render targets to support 1536x824 Format 10 NumSamples 1 (Frame:109).
[2017.10.03-04.58.24:536][813]Cmd: LevelEditor.ToggleImmersive
[2017.10.03-04.58.38:213][901]LogTextFormatter: Warning: Failed to parse argument "ExistingAsset" as a number (using "0" as a fallback). Please check your format string for errors: "{ExistingAsset} already exists. Do you want to replace it?".
[2017.10.03-04.58.40:960][901]Cmd: OBJ SAVEPACKAGE PACKAGE="/Game/Map_Base" FILE="../../../../../../Users/tsny7/Documents/Unreal Projects/Pong/Content/Map_Base.umap" SILENT=true AUTOSAVING=false KEEPDIRTY=false
[2017.10.03-04.58.41:055][901]LogSavePackage: Save=41.10ms
[2017.10.03-04.58.41:055][901]LogSavePackage: Moving '../../../../../../Users/tsny7/Documents/Unreal Projects/Pong/Saved/Map_BaseC32B737247C58E7520509C9BD06CA313.tmp' to '../../../../../../Users/tsny7/Documents/Unreal Projects/Pong/Content/Map_Base.umap'
[2017.10.03-04.58.41:060][901]LogSavePackage: Display: Finished SavePackage ../../../../../../Users/tsny7/Documents/Unreal Projects/Pong/Content/Map_Base.umap
[2017.10.03-04.58.41:135][901]Cmd: OBJ SAVEPACKAGE PACKAGE="/Game/Map_Base_BuiltData" FILE="../../../../../../Users/tsny7/Documents/Unreal Projects/Pong/Content/Map_Base_BuiltData.uasset" SILENT=true
[2017.10.03-04.58.41:200][901]LogSavePackage: Save=56.66ms
[2017.10.03-04.58.41:200][901]LogSavePackage: Moving '../../../../../../Users/tsny7/Documents/Unreal Projects/Pong/Saved/Map_Base_BuiltData236BE8D6419F4A48E91D07AB048D4B35.tmp' to '../../../../../../Users/tsny7/Documents/Unreal Projects/Pong/Content/Map_Base_BuiltData.uasset'
[2017.10.03-04.58.41:202][901]LogSavePackage: Display: Finished SavePackage ../../../../../../Users/tsny7/Documents/Unreal Projects/Pong/Content/Map_Base_BuiltData.uasset
[2017.10.03-04.58.41:209][901]LogFileHelpers: Saving map 'Map_Base' took 1.661
[2017.10.03-04.58.41:998][918]Cmd: OBJ SAVEPACKAGE PACKAGE="/Game/Map_Base" FILE="../../../../../../Users/tsny7/Documents/Unreal Projects/Pong/Content/Map_Base.umap" SILENT=true AUTOSAVING=false KEEPDIRTY=false
[2017.10.03-04.58.42:162][918]LogSavePackage: Save=105.81ms
[2017.10.03-04.58.42:162][918]LogSavePackage: Moving '../../../../../../Users/tsny7/Documents/Unreal Projects/Pong/Saved/Map_Base6195200E4F34D326E1A3FABF0DC06036.tmp' to '../../../../../../Users/tsny7/Documents/Unreal Projects/Pong/Content/Map_Base.umap'
[2017.10.03-04.58.42:164][918]LogSavePackage: Display: Finished SavePackage ../../../../../../Users/tsny7/Documents/Unreal Projects/Pong/Content/Map_Base.umap
[2017.10.03-04.58.42:234][918]Cmd: OBJ SAVEPACKAGE PACKAGE="/Game/Map_Base_BuiltData" FILE="../../../../../../Users/tsny7/Documents/Unreal Projects/Pong/Content/Map_Base_BuiltData.uasset" SILENT=true
[2017.10.03-04.58.42:254][918]LogSavePackage: Save=17.48ms
[2017.10.03-04.58.42:254][918]LogSavePackage: Moving '../../../../../../Users/tsny7/Documents/Unreal Projects/Pong/Saved/Map_Base_BuiltData745D0D754CA18E1ECCBB4EA7302726DE.tmp' to '../../../../../../Users/tsny7/Documents/Unreal Projects/Pong/Content/Map_Base_BuiltData.uasset'
[2017.10.03-04.58.42:255][918]LogSavePackage: Display: Finished SavePackage ../../../../../../Users/tsny7/Documents/Unreal Projects/Pong/Content/Map_Base_BuiltData.uasset
[2017.10.03-04.58.59:255][128]Cmd: OBJ SAVEPACKAGE PACKAGE="/Game/BP_Background" FILE="../../../../../../Users/tsny7/Documents/Unreal Projects/Pong/Content/BP_Background.uasset" SILENT=true
[2017.10.03-04.58.59:318][128]LogSavePackage: Save=56.48ms
[2017.10.03-04.58.59:318][128]LogSavePackage: Moving '../../../../../../Users/tsny7/Documents/Unreal Projects/Pong/Saved/BP_BackgroundB90A19394A9C271E5A2AFFAF68CEFBD3.tmp' to '../../../../../../Users/tsny7/Documents/Unreal Projects/Pong/Content/BP_Background.uasset'
[2017.10.03-04.58.59:321][128]LogSavePackage: Display: Finished SavePackage ../../../../../../Users/tsny7/Documents/Unreal Projects/Pong/Content/BP_Background.uasset
