Log file open, 10/03/17 08:09:53
LogWindows: Failed to load 'aqProf.dll' (GetLastError=126)
LogWindows: File 'aqProf.dll' does not exist
LogWindows: Failed to load 'VtuneApi.dll' (GetLastError=126)
LogWindows: File 'VtuneApi.dll' does not exist
LogWindows: Failed to load 'VtuneApi32e.dll' (GetLastError=126)
LogWindows: File 'VtuneApi32e.dll' does not exist
LogInit: Display: Running engine for game: Pong
LogPlatformFile: Not using cached read wrapper
LogInit: Display: RandInit(271628654) SRandInit(271628654).
LogTaskGraph: Started task graph with 5 named threads and 14 total threads with 3 sets of task threads.
LogStats: Stats thread started at 0.196241
LogD3D11RHI: Aftermath initialized
LogPluginManager: Mounting plugin Paper2D
LogPluginManager: Mounting plugin LightPropagationVolume
LogPluginManager: Mounting plugin CodeLiteSourceCodeAccess
LogPluginManager: Mounting plugin GitSourceControl
LogPluginManager: Mounting plugin KDevelopSourceCodeAccess
LogPluginManager: Mounting plugin NullSourceCodeAccess
LogPluginManager: Mounting plugin PerforceSourceControl
LogPluginManager: Mounting plugin SubversionSourceControl
LogPluginManager: Mounting plugin UObjectPlugin
LogPluginManager: Mounting plugin VisualStudioSourceCodeAccess
LogPluginManager: Mounting plugin XCodeSourceCodeAccess
LogPluginManager: Mounting plugin AssetManagerEditor
LogPluginManager: Mounting plugin AudioCapture
LogPluginManager: Mounting plugin FacialAnimation
LogPluginManager: Mounting plugin GameplayTagsEditor
LogPluginManager: Mounting plugin MobileLauncherProfileWizard
LogPluginManager: Mounting plugin PluginBrowser
LogPluginManager: Mounting plugin SpeedTreeImporter
LogPluginManager: Mounting plugin AlembicImporter
LogPluginManager: Mounting plugin CharacterAI
LogPluginManager: Mounting plugin HTML5Networking
LogPluginManager: Mounting plugin AndroidMedia
LogPluginManager: Mounting plugin AvfMedia
LogPluginManager: Mounting plugin MediaPlayerEditor
LogPluginManager: Mounting plugin WmfMedia
LogPluginManager: Mounting plugin TcpMessaging
LogPluginManager: Mounting plugin UdpMessaging
LogPluginManager: Mounting plugin LevelSequenceEditor
LogPluginManager: Mounting plugin MatineeToLevelSequence
LogPluginManager: Mounting plugin OnlineSubsystemGooglePlay
LogPluginManager: Mounting plugin OnlineSubsystemIOS
LogPluginManager: Mounting plugin OnlineSubsystem
LogPluginManager: Mounting plugin OnlineSubsystemNull
LogPluginManager: Mounting plugin OnlineSubsystemUtils
LogPluginManager: Mounting plugin AndroidDeviceProfileSelector
LogPluginManager: Mounting plugin AndroidMoviePlayer
LogPluginManager: Mounting plugin AndroidPermission
LogPluginManager: Mounting plugin AppleMoviePlayer
LogPluginManager: Mounting plugin ArchVisCharacter
LogPluginManager: Mounting plugin CableComponent
LogPluginManager: Mounting plugin CustomMeshComponent
LogPluginManager: Mounting plugin ExampleDeviceProfileSelector
LogPluginManager: Mounting plugin GoogleCloudMessaging
LogPluginManager: Mounting plugin ImmediatePhysics
LogPluginManager: Mounting plugin IOSDeviceProfileSelector
LogPluginManager: Mounting plugin LinuxDeviceProfileSelector
LogPluginManager: Mounting plugin LocationServicesBPLibrary
LogPluginManager: Mounting plugin MobilePatchingUtils
LogPluginManager: Mounting plugin OculusVR
LogPluginManager: Mounting plugin PhysXVehicles
LogPluginManager: Mounting plugin ProceduralMeshComponent
LogPluginManager: Mounting plugin RuntimePhysXCooking
LogPluginManager: Mounting plugin SteamVR
LogPluginManager: Mounting plugin WindowsMoviePlayer
LogInit: Using libcurl 7.47.1
LogInit:  - built for x86_64-pc-win32
LogInit:  - supports SSL with OpenSSL/1.0.2g
LogInit:  - supports HTTP deflate (compression) using libz 1.2.8
LogInit:  - other features:
LogInit:      CURL_VERSION_SSL
LogInit:      CURL_VERSION_LIBZ
LogInit:      CURL_VERSION_IPV6
LogInit:      CURL_VERSION_ASYNCHDNS
LogInit:      CURL_VERSION_LARGEFILE
LogInit:      CURL_VERSION_IDN
LogInit:  CurlRequestOptions (configurable via config and command line):
LogInit:  - bVerifyPeer = false  - Libcurl will NOT verify peer certificate
LogInit:  - bUseHttpProxy = false  - Libcurl will NOT use HTTP proxy
LogInit:  - bDontReuseConnections = false  - Libcurl will reuse connections
LogInit:  - CertBundlePath = nullptr  - Libcurl will use whatever was configured at build time.
LogInit: Build: ++UE4+Release-4.17-CL-3658906
LogInit: Engine Version: 4.17.2-3658906+++UE4+Release-4.17
LogInit: Compatible Engine Version: 4.17.0-3573198+++UE4+Release-4.17
LogInit: Net CL: 3573198
LogDevObjectVersion: Number of dev versions registered: 16
LogDevObjectVersion:   Dev-Blueprints (B0D832E4-1F89-4F0D-ACCF-7EB736FD4AA2): 10
LogDevObjectVersion:   Dev-Build (E1C64328-A22C-4D53-A36C-8E866417BD8C): 0
LogDevObjectVersion:   Dev-Core (375EC13C-06E4-48FB-B500-84F0262A717E): 2
LogDevObjectVersion:   Dev-Editor (E4B068ED-F494-42E9-A231-DA0B2E46BB41): 20
LogDevObjectVersion:   Dev-Framework (CFFC743F-43B0-4480-9391-14DF171D2073): 28
LogDevObjectVersion:   Dev-Mobile (B02B49B5-BB20-44E9-A304-32B752E40360): 0
LogDevObjectVersion:   Dev-Networking (A4E4105C-59A1-49B5-A7C5-40C4547EDFEE): 0
LogDevObjectVersion:   Dev-Online (39C831C9-5AE6-47DC-9A44-9C173E1C8E7C): 0
LogDevObjectVersion:   Dev-Physics (78F01B33-EBEA-4F98-B9B4-84EACCB95AA2): 0
LogDevObjectVersion:   Dev-Platform (6631380F-2D4D-43E0-8009-CF276956A95A): 0
LogDevObjectVersion:   Dev-Rendering (12F88B9F-8875-4AFC-A67C-D90C383ABD29): 19
LogDevObjectVersion:   Dev-Sequencer (7B5AE74C-D270-4C10-A958-57980B212A5A): 4
LogDevObjectVersion:   Dev-VR (D7296918-1DD6-4BDD-9DE2-64A83CC13884): 0
LogDevObjectVersion:   Dev-LoadTimes (C2A15278-BFE7-4AFE-6C17-90FF531DF755): 1
LogDevObjectVersion:   Private-Geometry (6EACA3D4-40EC-4CC1-B786-8BED09428FC5): 1
LogDevObjectVersion:   Dev-AnimPhys (29E575DD-E0A3-4627-9D10-D276232CDCEA): 7
LogInit: Compiled (64-bit): Sep 22 2017 13:47:16
LogInit: Compiled with Visual C++: 19.00.24215.01
LogInit: Build Configuration: Development
LogInit: Branch Name: ++UE4+Release-4.17
LogInit: Command line:  
LogInit: Base directory: D:/UE_4.17/Engine/Binaries/Win64/
LogInit: Installed Engine Build: 1
LogInit: Presizing for max 8388607 objects, including 0 objects not considered by GC, pre-allocating 0 bytes for permanent pool.
LogInit: Object subsystem initialized
[2017.10.03-13.09.54:011][  0]LogInit: Selected Device Profile: [Windows]
[2017.10.03-13.09.54:011][  0]LogInit: Applying CVar settings loaded from the selected device profile: [Windows]
[2017.10.03-13.09.54:039][  0]LogInit: Computer: TAYLORS-DESKTOP
[2017.10.03-13.09.54:039][  0]LogInit: User: tsny7
[2017.10.03-13.09.54:039][  0]LogInit: CPU Page size=4096, Cores=4
[2017.10.03-13.09.54:039][  0]LogInit: High frequency timer resolution =3.117185 MHz
[2017.10.03-13.09.54:039][  0]LogMemory: Memory total: Physical=16.0GB (16GB approx)
[2017.10.03-13.09.54:040][  0]LogMemory: Platform Memory Stats for Windows
[2017.10.03-13.09.54:040][  0]LogMemory: Process Physical Memory: 278.41 MB used, 278.41 MB peak
[2017.10.03-13.09.54:040][  0]LogMemory: Process Virtual Memory: 273.98 MB used, 273.98 MB peak
[2017.10.03-13.09.54:040][  0]LogMemory: Physical Memory: 5741.41 MB used,  10606.41 MB free, 16347.81 MB total
[2017.10.03-13.09.54:040][  0]LogMemory: Virtual Memory: 668.18 MB used,  10606.41 MB free, 134217728.00 MB total
[2017.10.03-13.09.54:349][  0]LogInit: Overriding language with editor language configuration option (en-US).
[2017.10.03-13.09.54:349][  0]LogInit: Overriding locale with editor culture configuration option ().
[2017.10.03-13.09.54:349][  0]LogInit: Using OS detected locale (en-US).
[2017.10.03-13.09.54:409][  0]LogTextLocalizationManager: No specific localization for 'en-US' exists, so the 'en' localization will be used.
[2017.10.03-13.09.56:991][  0]LogD3D11RHI: D3D11 adapters:
[2017.10.03-13.09.57:632][  0]LogD3D11RHI:    0. 'NVIDIA GeForce GTX 1080' (Feature Level 11_0)
[2017.10.03-13.09.57:632][  0]LogD3D11RHI:       8071/0/8173 MB DedicatedVideo/DedicatedSystem/SharedSystem, Outputs:2, VendorId:0x10de
[2017.10.03-13.09.57:633][  0]LogD3D11RHI:    1. 'Microsoft Basic Render Driver' (Feature Level 11_0)
[2017.10.03-13.09.57:633][  0]LogD3D11RHI:       0/0/8173 MB DedicatedVideo/DedicatedSystem/SharedSystem, Outputs:0, VendorId:0x1414
[2017.10.03-13.09.57:633][  0]LogD3D11RHI: Chosen D3D11 Adapter: 0
[2017.10.03-13.09.57:644][  0]LogD3D11RHI: Creating new Direct3DDevice
[2017.10.03-13.09.57:644][  0]LogD3D11RHI:     GPU DeviceId: 0x1b80 (for the marketing name, search the web for "GPU Device Id")
[2017.10.03-13.09.57:644][  0]LogWindows: EnumDisplayDevices:
[2017.10.03-13.09.57:644][  0]LogWindows:    0. 'NVIDIA GeForce GTX 1080' (P:1 D:1)
[2017.10.03-13.09.57:644][  0]LogWindows:    1. 'NVIDIA GeForce GTX 1080' (P:0 D:1)
[2017.10.03-13.09.57:644][  0]LogWindows:    2. 'NVIDIA GeForce GTX 1080' (P:0 D:0)
[2017.10.03-13.09.57:644][  0]LogWindows:    3. 'NVIDIA GeForce GTX 1080' (P:0 D:0)
[2017.10.03-13.09.57:644][  0]LogWindows: DebugString: FoundDriverCount:4 
[2017.10.03-13.09.57:644][  0]LogD3D11RHI:     Adapter Name: NVIDIA GeForce GTX 1080
[2017.10.03-13.09.57:645][  0]LogD3D11RHI:   Driver Version: 385.41 (internal:22.21.13.8541, unified:385.41)
[2017.10.03-13.09.57:645][  0]LogD3D11RHI:      Driver Date: 8-21-2017
[2017.10.03-13.09.57:645][  0]LogRHI: Texture pool is 1361 MB (70% of 1945 MB)
[2017.10.03-13.09.58:236][  0]LogD3D11RHI: Async texture creation enabled
[2017.10.03-13.09.58:383][  0]LogD3D11RHI: GPU Timing Frequency: 1000.000000 (Debug: 2 1)
[2017.10.03-13.09.58:431][  0]LogShaderCompilers: Guid format shader working directory is 0 characters bigger than the processId version (C:/Users/tsny7/Documents/Unreal Projects/Pong/Intermediate/Shaders/WorkingDirectory/12452/).
[2017.10.03-13.09.58:431][  0]LogShaderCompilers: Cleaned the shader compiler working directory 'C:/Users/tsny7/AppData/Local/Temp/UnrealShaderWorkingDir/216A3B594881DDA911D82CB5E6D59C0F/'.
[2017.10.03-13.09.58:431][  0]LogShaderCompilers: Display: Using Local Shader Compiler.
[2017.10.03-13.10.00:726][  0]LogTemp: Display: Loaded TP AllDesktopTargetPlatform
[2017.10.03-13.10.00:762][  0]LogTemp: Display: Loaded TP MacClientTargetPlatform
[2017.10.03-13.10.00:798][  0]LogTemp: Display: Loaded TP MacNoEditorTargetPlatform
[2017.10.03-13.10.00:834][  0]LogTemp: Display: Loaded TP MacServerTargetPlatform
[2017.10.03-13.10.00:877][  0]LogTemp: Display: Loaded TP MacTargetPlatform
[2017.10.03-13.10.00:914][  0]LogTemp: Display: Loaded TP WindowsClientTargetPlatform
[2017.10.03-13.10.00:951][  0]LogTemp: Display: Loaded TP WindowsNoEditorTargetPlatform
[2017.10.03-13.10.00:989][  0]LogTemp: Display: Loaded TP WindowsServerTargetPlatform
[2017.10.03-13.10.01:020][  0]LogTemp: Display: Loaded TP WindowsTargetPlatform
[2017.10.03-13.10.01:062][  0]LogTemp: Display: Loaded TP AndroidTargetPlatform
[2017.10.03-13.10.01:094][  0]LogTemp: Display: Loaded TP Android_ASTCTargetPlatform
[2017.10.03-13.10.01:127][  0]LogTemp: Display: Loaded TP Android_ATCTargetPlatform
[2017.10.03-13.10.01:161][  0]LogTemp: Display: Loaded TP Android_DXTTargetPlatform
[2017.10.03-13.10.01:194][  0]LogTemp: Display: Loaded TP Android_ETC1TargetPlatform
[2017.10.03-13.10.01:228][  0]LogTemp: Display: Loaded TP Android_ETC2TargetPlatform
[2017.10.03-13.10.01:292][  0]LogTemp: Display: Loaded TP Android_MultiTargetPlatform
[2017.10.03-13.10.01:292][  0]LogTemp: Display: Loaded TP Android_PVRTCTargetPlatform
[2017.10.03-13.10.01:315][  0]LogTemp: Display: Loaded TP HTML5TargetPlatform
[2017.10.03-13.10.01:411][  0]LogTemp: Display: Loaded TP IOSTargetPlatform
[2017.10.03-13.10.01:433][  0]LogTemp: Display: Loaded TP TVOSTargetPlatform
[2017.10.03-13.10.01:467][  0]LogTemp: Display: Loaded TP LinuxClientTargetPlatform
[2017.10.03-13.10.01:499][  0]LogTemp: Display: Loaded TP LinuxNoEditorTargetPlatform
[2017.10.03-13.10.01:531][  0]LogTemp: Display: Loaded TP LinuxServerTargetPlatform
[2017.10.03-13.10.01:570][  0]LogTemp: Display: Loaded TP LinuxTargetPlatform
[2017.10.03-13.10.01:570][  0]LogTargetPlatformManager: Display: Building Assets For Windows
[2017.10.03-13.10.02:189][  0]LogDerivedDataCache: Display: Max Cache Size: 512 MB
[2017.10.03-13.10.02:546][  0]LogDerivedDataCache: Loaded boot cache 0.36s 93MB C:/Users/tsny7/AppData/Local/UnrealEngine/4.17/DerivedDataCache/Boot.ddc.
[2017.10.03-13.10.02:546][  0]LogDerivedDataCache: Display: Loaded Boot cache: C:/Users/tsny7/AppData/Local/UnrealEngine/4.17/DerivedDataCache/Boot.ddc
[2017.10.03-13.10.02:546][  0]LogDerivedDataCache: FDerivedDataBackendGraph:  Pak pak cache file C:/Users/tsny7/Documents/Unreal Projects/Pong/DerivedDataCache/DDC.ddp not found, will not use a pak cache.
[2017.10.03-13.10.02:546][  0]LogDerivedDataCache: Unable to find inner node Pak for hierarchical cache Hierarchy.
[2017.10.03-13.10.02:547][  0]LogDerivedDataCache: FDerivedDataBackendGraph:  CompressedPak pak cache file C:/Users/tsny7/Documents/Unreal Projects/Pong/DerivedDataCache/Compressed.ddp not found, will not use a pak cache.
[2017.10.03-13.10.02:547][  0]LogDerivedDataCache: Unable to find inner node CompressedPak for hierarchical cache Hierarchy.
[2017.10.03-13.10.02:576][  0]LogDerivedDataCache: Display: Pak cache opened for reading ../../../Engine/DerivedDataCache/Compressed.ddp.
[2017.10.03-13.10.02:588][  0]LogDerivedDataCache: Using Local data cache path C:/Users/tsny7/AppData/Local/UnrealEngine/Common/DerivedDataCache: Writable
[2017.10.03-13.10.02:602][  0]LogMaterial: Verifying Global Shaders for PCD3D_SM5
[2017.10.03-13.10.02:608][  0]LogSlate: Using Freetype 2.6.0
[2017.10.03-13.10.02:624][  0]LogSlate: SlateFontCache - WITH_FREETYPE: 1, WITH_HARFBUZZ: 1
[2017.10.03-13.10.02:624][  0]LogSlate: SlateFontCache - WITH_FREETYPE: 1, WITH_HARFBUZZ: 1
[2017.10.03-13.10.05:448][  0]LogAssetRegistry: FAssetRegistry took 0.0272 seconds to start up
[2017.10.03-13.10.05:586][  0]LogInit: Selected Device Profile: [Windows]
[2017.10.03-13.10.06:162][  0]LogSimplygon: Simplygon DLL not present - disabling.
[2017.10.03-13.10.06:191][  0]LogMeshReduction: Using SimplygonSwarm for distributed automatic mesh merging
[2017.10.03-13.10.06:191][  0]LogMeshReduction: Using QuadricMeshReduction for automatic static mesh reduction
[2017.10.03-13.10.06:191][  0]LogMeshReduction: No automatic skeletal mesh reduction module available
[2017.10.03-13.10.06:191][  0]LogMeshReduction: No automatic mesh merging module available
[2017.10.03-13.10.06:191][  0]LogMeshMerging: No automatic mesh merging module available
[2017.10.03-13.10.06:201][  0]LogContentStreaming: Texture pool size is 0.00 MB
[2017.10.03-13.10.06:918][  0]LogNetVersion: Pong , NetCL: 3573198, EngineNetVer: 2, GameNetVer: 0 (Checksum: 3188023525)
[2017.10.03-13.10.07:221][  0]LogPackageLocalizationCache: Processed 5 localized package path(s) for 2 prioritized culture(s) in 0.040284 seconds
[2017.10.03-13.10.07:227][  0]LogUObjectArray: 35825 objects as part of root set at end of initial load.
[2017.10.03-13.10.07:227][  0]LogUObjectAllocator: 7529104 out of 0 bytes used by permanent object pool.
[2017.10.03-13.10.07:227][  0]LogUObjectArray: CloseDisregardForGC: 0/0 objects in disregard for GC pool
[2017.10.03-13.10.07:267][  0]LogInit: WinSock: version 1.1 (2.2), MaxSocks=32767, MaxUdp=65467
[2017.10.03-13.10.11:534][  0]LogTcpMessaging: Initializing TcpMessaging bridge
[2017.10.03-13.10.11:564][  0]LogUdpMessaging: Initializing bridge on interface 0.0.0.0:0 to multicast group 230.0.0.1:6666.
[2017.10.03-13.10.12:094][  0]LogMaterial: Uniform references updated for custom material expression Custom.
[2017.10.03-13.10.12:408][  0]SourceControl: Source control is disabled
[2017.10.03-13.10.12:408][  0]SourceControl: Source control is disabled
[2017.10.03-13.10.12:443][  0]SourceControl: Source control is disabled
[2017.10.03-13.10.12:474][  0]SourceControl: Source control is disabled
[2017.10.03-13.10.12:907][  0]LogAndroidPermission: UAndroidPermissionCallbackProxy::GetInstance
[2017.10.03-13.10.13:076][  0]LogOcInput: OculusInput pre-init called
[2017.10.03-13.10.13:277][  0]LogEngine: Initializing Engine...
[2017.10.03-13.10.13:280][  0]LogHMD: Failed to initialize OpenVR with code 100
[2017.10.03-13.10.13:519][  0]LogStats: UGameplayTagsManager::ConstructGameplayTagTree: Construct from data asset -  0.000 s
[2017.10.03-13.10.13:519][  0]LogStats: UGameplayTagsManager::ConstructGameplayTagTree: GameplayTagTreeChangedEvent.Broadcast -  0.000 s
[2017.10.03-13.10.13:618][  0]LogAIModule: Creating AISystem for world Untitled
[2017.10.03-13.10.13:636][  0]LogInit: XAudio2 using 'Headset (Logitech G930 Gaming Headset)' : 6 channels at 48 kHz using 16 bits per sample (channel mask 0x3f)
[2017.10.03-13.10.13:659][  0]LogInit: FAudioDevice initialized.
[2017.10.03-13.10.13:743][  0]LogDerivedDataCache: Saved boot cache 0.08s 93MB C:/Users/tsny7/AppData/Local/UnrealEngine/4.17/DerivedDataCache/Boot.ddc.
[2017.10.03-13.10.13:754][  0]LogInit: Texture streaming: Enabled
[2017.10.03-13.10.13:826][  0]LogEngineSessionManager: EngineSessionManager initialized
[2017.10.03-13.10.13:995][  0]LogInit: Transaction tracking system initialized
[2017.10.03-13.10.14:216][  0]BlueprintLog: New page: Editor Load
[2017.10.03-13.10.14:854][  0]LocalizationService: Localization service is disabled
[2017.10.03-13.10.15:352][  0]LogConsoleResponse: Display: 
[2017.10.03-13.10.15:550][  0]LogFileCache: Scanning file cache for directory 'C:/Users/tsny7/Documents/Unreal Projects/Pong/Content/' took 0.01s
[2017.10.03-13.10.15:550][  0]LogCook: Display: Max memory allowance for cook 16384mb min free memory 0mb
[2017.10.03-13.10.15:551][  0]LogCook: Display: Mobile HDR setting 1
[2017.10.03-13.10.15:552][  0]LogGameplayTags: Display: UGameplayTagsManager::DoneAddingNativeTags. DelegateIsBound: 0
[2017.10.03-13.10.16:327][  0]SourceControl: Source control is disabled
[2017.10.03-13.10.16:328][  0]Cmd: MAP LOAD FILE="../../../Engine/Content/Maps/Templates/Template_Default.umap" TEMPLATE=1 SHOWPROGRESS=1 FEATURELEVEL=3
[2017.10.03-13.10.16:329][  0]LightingResults: New page: Lighting Build
[2017.10.03-13.10.16:360][  0]MapCheck: New page: Map Check
[2017.10.03-13.10.16:360][  0]LightingResults: New page: Lighting Build
[2017.10.03-13.10.16:579][  0]LogAIModule: Creating AISystem for world Untitled_1
[2017.10.03-13.10.16:593][  0]LogEditorServer: Finished looking for orphan Actors (0.000 secs)
[2017.10.03-13.10.16:607][  0]Cmd: MAP CHECKDEP NOCLEARLOG
[2017.10.03-13.10.16:638][  0]MapCheck: Map check complete: 0 Error(s), 0 Warning(s), took 31.088ms to complete.
[2017.10.03-13.10.16:638][  0]LogFileHelpers: Loading map 'Template_Default' took 0.310
[2017.10.03-13.10.16:889][  0]LogCollectionManager: Loaded 0 collections in 0.001274 seconds
[2017.10.03-13.10.16:971][  0]LogFileCache: Scanning file cache for directory 'C:/Users/tsny7/Documents/Unreal Projects/Pong/Saved/Collections/' took 0.01s
[2017.10.03-13.10.16:971][  0]LogFileCache: Scanning file cache for directory 'C:/Users/tsny7/Documents/Unreal Projects/Pong/Content/Developers/tsny7/Collections/' took 0.01s
[2017.10.03-13.10.16:971][  0]LogFileCache: Scanning file cache for directory 'C:/Users/tsny7/Documents/Unreal Projects/Pong/Content/Collections/' took 0.01s
[2017.10.03-13.10.16:971][  0]LogCollectionManager: Rebuilt the GUID cache for 0 collections in 0.000000 seconds
[2017.10.03-13.10.16:981][  0]LogContentBrowser: Native class hierarchy populated in 0.0090 seconds. Added 2387 classes and 502 folders.
[2017.10.03-13.10.17:027][  0]LogContentBrowser: Native class hierarchy updated for 'WidgetCarousel' in 0.0007 seconds. Added 0 classes and 0 folders.
[2017.10.03-13.10.17:380][  0]LogContentBrowser: Native class hierarchy updated for 'AddContentDialog' in 0.0008 seconds. Added 0 classes and 0 folders.
[2017.10.03-13.10.17:524][  0]LogSlate: Took 0.013737 seconds to synchronously load lazily loaded font '../../../Engine/Content/Slate/Fonts/Roboto-Regular.ttf' (155K)
[2017.10.03-13.10.17:534][  0]LogSlate: Took 0.004365 seconds to synchronously load lazily loaded font '../../../Engine/Content/Slate/Fonts/Roboto-Bold.ttf' (160K)
[2017.10.03-13.10.17:541][  0]LogSlate: Took 0.004491 seconds to synchronously load lazily loaded font '../../../Engine/Content/Editor/Slate/Fonts/FontAwesome.ttf' (139K)
[2017.10.03-13.10.17:632][  0]LogRenderer: Reallocating scene render targets to support 1180x612 Format 10 NumSamples 1 (Frame:1).
[2017.10.03-13.10.17:781][  0]LogContentBrowser: Native class hierarchy updated for 'HierarchicalLODOutliner' in 0.0006 seconds. Added 1 classes and 2 folders.
[2017.10.03-13.10.17:781][  0]LogLoad: (Engine Initialization) Total time: 26.65 seconds
[2017.10.03-13.10.17:781][  0]LogLoad: (Engine Initialization) Total Blueprint compile time: 0.00 seconds
[2017.10.03-13.10.17:782][  0]LogExternalProfiler: Found external profiler: VSPerf
[2017.10.03-13.10.17:782][  0]LogExternalProfiler: Using external profiler: VSPerf
[2017.10.03-13.10.17:792][  0]LogWindowsTextInputMethodSystem: Display: IME system now deactivated.
[2017.10.03-13.10.17:809][  0]LogAssetRegistry: Asset discovery search completed in 12.3832 seconds
[2017.10.03-13.10.17:811][  0]LogCollectionManager: Rebuilt the object cache for 0 collections in 0.000000 seconds (found 0 objects)
[2017.10.03-13.10.17:811][  0]LogCollectionManager: Fixed up redirectors for 0 collections in 0.000044 seconds (updated 0 objects)
[2017.10.03-13.10.17:815][  0]LogContentStreaming: Texture pool size now 1000 MB
[2017.10.03-13.10.17:866][  0]LogSlate: Took 0.004858 seconds to synchronously load lazily loaded font '../../../Engine/Content/Slate/Fonts/Roboto-Light.ttf' (159K)
[2017.10.03-13.19.00:564][590]LogEditorViewport: Clicking on Actor (LMB): StaticMeshActor (Floor)
[2017.10.03-13.19.05:207][ 83]LogEditorViewport: Clicking on Actor (LMB): StaticMeshActor (Floor)
[2017.10.03-13.19.06:515][223]LogEditorViewport: Clicking on Actor (LMB): StaticMeshActor (Floor)
[2017.10.03-13.19.07:458][326]Cmd: DELETE
[2017.10.03-13.19.07:458][326]Cmd: ACTOR DELETE
[2017.10.03-13.19.07:463][326]LogEditorActor: Deleted Actor: StaticMeshActor
[2017.10.03-13.19.07:474][326]LogEditorActor: Deleted 1 Actors (0.012 secs)
[2017.10.03-13.19.20:357][596]LogTemp: Repeating last play command: Selected Viewport
[2017.10.03-13.19.20:411][596]LogPlayLevel: PlayLevel: No blueprints needed recompiling
[2017.10.03-13.19.20:412][596]PIE: New page: PIE session: Untitled_1 (Oct 3, 2017, 3:19:20 AM)
[2017.10.03-13.19.20:412][596]LogPlayLevel: Creating play world package: /Temp/UEDPIE_0_Untitled_1
[2017.10.03-13.19.20:415][596]LogPlayLevel: PIE: StaticDuplicateObject took: (0.002180s)
[2017.10.03-13.19.20:415][596]LogAIModule: Creating AISystem for world Untitled_1
[2017.10.03-13.19.20:416][596]LogPlayLevel: PIE: World Init took: (0.000963s)
[2017.10.03-13.19.20:416][596]LogPlayLevel: PIE: Created PIE world by copying editor world from /Temp/Untitled_1.Untitled_1 to /Temp/UEDPIE_0_Untitled_1.Untitled_1 (0.003365s)
[2017.10.03-13.19.20:427][596]LogInit: XAudio2 using 'Headset (Logitech G930 Gaming Headset)' : 6 channels at 48 kHz using 16 bits per sample (channel mask 0x3f)
[2017.10.03-13.19.20:440][596]LogInit: FAudioDevice initialized.
[2017.10.03-13.19.20:484][596]LogLoad: Game class is 'GameModeBase'
[2017.10.03-13.19.20:487][596]LogWorld: Bringing World /Temp/UEDPIE_0_Untitled_1.Untitled_1 up for play (max tick rate 0) at 2017.10.03-08.19.20
[2017.10.03-13.19.20:487][596]LogWorld: Bringing up level for play took: 0.001404
[2017.10.03-13.19.20:517][596]LogContentBrowser: Native class hierarchy updated for 'MovieSceneCapture' in 0.0007 seconds. Added 11 classes and 0 folders.
[2017.10.03-13.19.20:519][596]PIE: Play in editor start time for /Temp/UEDPIE_0_Untitled_1 -0.872
[2017.10.03-13.19.22:845][836]LogTemp: Repeating last play command: Selected Viewport
[2017.10.03-13.19.22:875][836]LogPlayLevel: PlayLevel: No blueprints needed recompiling
[2017.10.03-13.19.22:875][836]PIE: New page: PIE session: Untitled_1 (Oct 3, 2017, 3:19:22 AM)
[2017.10.03-13.19.22:876][836]LogPlayLevel: Creating play world package: /Temp/UEDPIE_0_Untitled_1
[2017.10.03-13.19.22:877][836]LogPlayLevel: PIE: StaticDuplicateObject took: (0.001780s)
[2017.10.03-13.19.22:878][836]LogAIModule: Creating AISystem for world Untitled_1
[2017.10.03-13.19.22:878][836]LogPlayLevel: PIE: World Init took: (0.000688s)
[2017.10.03-13.19.22:878][836]LogPlayLevel: PIE: Created PIE world by copying editor world from /Temp/Untitled_1.Untitled_1 to /Temp/UEDPIE_0_Untitled_1.Untitled_1 (0.002687s)
[2017.10.03-13.19.22:891][836]LogInit: XAudio2 using 'Headset (Logitech G930 Gaming Headset)' : 6 channels at 48 kHz using 16 bits per sample (channel mask 0x3f)
[2017.10.03-13.19.22:906][836]LogInit: FAudioDevice initialized.
[2017.10.03-13.19.22:943][836]LogLoad: Game class is 'GameModeBase'
[2017.10.03-13.19.22:945][836]LogWorld: Bringing World /Temp/UEDPIE_0_Untitled_1.Untitled_1 up for play (max tick rate 0) at 2017.10.03-08.19.22
[2017.10.03-13.19.22:945][836]LogWorld: Bringing up level for play took: 0.001001
[2017.10.03-13.19.22:946][836]PIE: Play in editor start time for /Temp/UEDPIE_0_Untitled_1 -0.445
[2017.10.03-13.19.30:826][644]LogSlate: Took 0.000128 seconds to synchronously load lazily loaded font '../../../Engine/Content/Slate/Fonts/Roboto-Light.ttf' (159K)
[2017.10.03-13.19.43:387][311]LogContentBrowser: Native class hierarchy updated for 'BlueprintGraph' in 0.0009 seconds. Added 113 classes and 0 folders.
[2017.10.03-13.19.44:026][311]LogSlate: Took 0.000131 seconds to synchronously load lazily loaded font '../../../Engine/Content/Slate/Fonts/Roboto-Regular.ttf' (155K)
[2017.10.03-13.19.44:187][311]LogRenderer: Reallocating scene render targets to support 1180x704 Format 10 NumSamples 1 (Frame:1).
[2017.10.03-13.19.44:269][313]LogRenderer: Reallocating scene render targets to support 1180x720 Format 10 NumSamples 1 (Frame:3).
[2017.10.03-13.19.59:709][509]BlueprintLog: New page: Compile Pawn_Paddle
[2017.10.03-13.20.10:751][375]LogSlate: Took 0.006983 seconds to synchronously load lazily loaded font '../../../Engine/Content/Editor/Slate/Fonts/Roboto-Italic.ttf' (157K)
[2017.10.03-13.20.13:041][561]BlueprintLog: New page: Compile Pawn_Paddle
[2017.10.03-13.20.14:202][643]LogSlate: Took 0.006619 seconds to synchronously load lazily loaded font '../../../Engine/Content/Editor/Slate/Fonts/Roboto-BoldCondensed.ttf' (158K)
[2017.10.03-13.20.41:756][178]BlueprintLog: New page: Compile Pawn_Paddle
[2017.10.03-13.20.50:773][463]LogEditorViewport: Clicking on Actor (LMB): BP_Background_C (BP_Background)
[2017.10.03-13.20.54:768][593]LogAIModule: Creating AISystem for world Map_Base
[2017.10.03-13.21.01:303][858]Cmd: OBJ SAVEPACKAGE PACKAGE="/Game/Pawn_Paddle" FILE="C:/Users/tsny7/Documents/Unreal Projects/Pong/Content/Pawn_Paddle.uasset" SILENT=true
[2017.10.03-13.21.01:335][858]LogSavePackage: Save=28.89ms
[2017.10.03-13.21.01:335][858]LogSavePackage: Moving 'C:/Users/tsny7/Documents/Unreal Projects/Pong/Saved/Pawn_Paddle5311E50A47CAC2A25065348142D1FDB6.tmp' to 'C:/Users/tsny7/Documents/Unreal Projects/Pong/Content/Pawn_Paddle.uasset'
[2017.10.03-13.21.01:338][858]LogSavePackage: Display: Finished SavePackage C:/Users/tsny7/Documents/Unreal Projects/Pong/Content/Pawn_Paddle.uasset
[2017.10.03-13.21.06:111][ 64]Cmd: MAP LOAD FILE="C:/Users/tsny7/Documents/Unreal Projects/Pong/Content/Map_Base.umap" TEMPLATE=0 SHOWPROGRESS=1 FEATURELEVEL=3
[2017.10.03-13.21.06:112][ 64]LightingResults: New page: Lighting Build
[2017.10.03-13.21.06:113][ 64]LoadErrors: New page: Loading map: Map_Base.umap
[2017.10.03-13.21.06:114][ 64]MapCheck: New page: Map Check
[2017.10.03-13.21.06:114][ 64]LightingResults: New page: Lighting Build
[2017.10.03-13.21.06:200][ 64]LogEditorServer: Finished looking for orphan Actors (0.000 secs)
[2017.10.03-13.21.06:268][ 64]Cmd: MAP CHECKDEP NOCLEARLOG
[2017.10.03-13.21.06:303][ 64]MapCheck: Map check complete: 0 Error(s), 0 Warning(s), took 34.88ms to complete.
[2017.10.03-13.21.06:306][ 64]LogFileHelpers: Loading map 'Map_Base' took 0.195
[2017.10.03-13.21.59:547][974]Cmd: OBJ SAVEPACKAGE PACKAGE="/Game/GM_Pong" FILE="C:/Users/tsny7/Documents/Unreal Projects/Pong/Content/GM_Pong.uasset" SILENT=true
[2017.10.03-13.21.59:563][974]LogSavePackage: Save=13.22ms
[2017.10.03-13.21.59:563][974]LogSavePackage: Moving 'C:/Users/tsny7/Documents/Unreal Projects/Pong/Saved/GM_PongB55FC723461F586DBF0AF783DA75AAF4.tmp' to 'C:/Users/tsny7/Documents/Unreal Projects/Pong/Content/GM_Pong.uasset'
[2017.10.03-13.21.59:565][974]LogSavePackage: Display: Finished SavePackage C:/Users/tsny7/Documents/Unreal Projects/Pong/Content/GM_Pong.uasset
[2017.10.03-13.22.06:435][605]LogSlate: Warning: Prevented a slow task dialog from being summoned while a context menu was open
[2017.10.03-13.22.37:081][803]Cmd: OBJ SAVEPACKAGE PACKAGE="/Game/GM_Pong" FILE="C:/Users/tsny7/Documents/Unreal Projects/Pong/Content/GM_Pong.uasset" SILENT=true
[2017.10.03-13.22.37:103][803]LogSavePackage: Save=13.71ms
[2017.10.03-13.22.37:103][803]LogSavePackage: Moving 'C:/Users/tsny7/Documents/Unreal Projects/Pong/Saved/GM_Pong9B5C0B2842B444BA62601EB6905C3B9C.tmp' to 'C:/Users/tsny7/Documents/Unreal Projects/Pong/Content/GM_Pong.uasset'
[2017.10.03-13.22.37:106][803]LogSavePackage: Display: Finished SavePackage C:/Users/tsny7/Documents/Unreal Projects/Pong/Content/GM_Pong.uasset
[2017.10.03-13.22.37:108][803]Cmd: OBJ SAVEPACKAGE PACKAGE="/Game/PC_Gameplay" FILE="C:/Users/tsny7/Documents/Unreal Projects/Pong/Content/PC_Gameplay.uasset" SILENT=true
[2017.10.03-13.22.37:124][803]LogSavePackage: Save=12.75ms
[2017.10.03-13.22.37:124][803]LogSavePackage: Moving 'C:/Users/tsny7/Documents/Unreal Projects/Pong/Saved/PC_Gameplay15CF4F0145B74F6DC235A8AA932BCDE1.tmp' to 'C:/Users/tsny7/Documents/Unreal Projects/Pong/Content/PC_Gameplay.uasset'
[2017.10.03-13.22.37:126][803]LogSavePackage: Display: Finished SavePackage C:/Users/tsny7/Documents/Unreal Projects/Pong/Content/PC_Gameplay.uasset
[2017.10.03-13.23.12:245][987]LogTemp: Repeating last play command: Selected Viewport
[2017.10.03-13.23.12:284][987]LogPlayLevel: PlayLevel: No blueprints needed recompiling
[2017.10.03-13.23.12:284][987]PIE: New page: PIE session: Map_Base (Oct 3, 2017, 3:23:12 AM)
[2017.10.03-13.23.12:284][987]LogPlayLevel: Creating play world package: /Game/UEDPIE_0_Map_Base
[2017.10.03-13.23.12:286][987]LogPlayLevel: PIE: StaticDuplicateObject took: (0.002165s)
[2017.10.03-13.23.12:287][987]LogAIModule: Creating AISystem for world Map_Base
[2017.10.03-13.23.12:287][987]LogPlayLevel: PIE: World Init took: (0.001004s)
[2017.10.03-13.23.12:287][987]LogPlayLevel: PIE: Created PIE world by copying editor world from /Game/Map_Base.Map_Base to /Game/UEDPIE_0_Map_Base.Map_Base (0.003543s)
[2017.10.03-13.23.12:308][987]LogInit: XAudio2 using 'Headset (Logitech G930 Gaming Headset)' : 6 channels at 48 kHz using 16 bits per sample (channel mask 0x3f)
[2017.10.03-13.23.12:317][987]LogInit: FAudioDevice initialized.
[2017.10.03-13.23.12:348][987]LogLoad: Game class is 'GameModeBase'
[2017.10.03-13.23.12:349][987]LogWorld: Bringing World /Game/UEDPIE_0_Map_Base.Map_Base up for play (max tick rate 0) at 2017.10.03-08.23.12
[2017.10.03-13.23.12:349][987]LogWorld: Bringing up level for play took: 0.000950
[2017.10.03-13.23.12:351][987]PIE: Play in editor start time for /Game/UEDPIE_0_Map_Base 0.96
[2017.10.03-13.24.11:957][375]Cmd: CLOSE_SLATE_MAINFRAME
[2017.10.03-13.24.12:168][375]LogActorComponent: UnregisterComponent: (/Engine/Transient.EditorFloorComp) Not registered. Aborting.
[2017.10.03-13.24.12:217][375]LogActorComponent: UnregisterComponent: (/Engine/Transient.EditorFloorComp) Not registered. Aborting.
[2017.10.03-13.24.12:498][376]Cmd: QUIT_EDITOR
[2017.10.03-13.24.13:037][376]LogWindowsTextInputMethodSystem: Display: IME system now deactivated.
[2017.10.03-13.24.13:051][376]LogExit: Preparing to exit.
[2017.10.03-13.24.13:948][376]LogExit: Editor shut down
[2017.10.03-13.24.13:956][376]LogExit: Transaction tracking system shut down
[2017.10.03-13.24.14:071][376]LogDirectoryWatcher: A directory notification for '../../../Engine/Content/' was aborted.
[2017.10.03-13.24.14:071][376]LogDirectoryWatcher: A directory notification for 'C:/Users/tsny7/Documents/Unreal Projects/Pong/Content/' was aborted.
[2017.10.03-13.24.14:071][376]LogDirectoryWatcher: A directory notification for '../../../Engine/Plugins/2D/Paper2D/Content/' was aborted.
[2017.10.03-13.24.14:071][376]LogDirectoryWatcher: A directory notification for '../../../Engine/Plugins/Runtime/Oculus/OculusVR/Content/' was aborted.
[2017.10.03-13.24.14:071][376]LogDirectoryWatcher: A directory notification for '../../../Engine/Plugins/Runtime/Steam/SteamVR/Content/' was aborted.
[2017.10.03-13.24.14:163][376]LogExit: Object subsystem successfully closed.
[2017.10.03-13.24.14:180][376]LogD3D11RHI: Shutdown
[2017.10.03-13.24.14:181][376]LogD3D11RHI: CleanupD3DDevice
[2017.10.03-13.24.14:259][376]LogD3D11RHI: ~FD3D11DynamicRHI
[2017.10.03-13.24.14:274][376]LogModuleManager: Shutting down and abandoning module BlueprintGraph (536)
[2017.10.03-13.24.14:274][376]LogModuleManager: Shutting down and abandoning module BlueprintProfiler (534)
[2017.10.03-13.24.14:275][376]LogModuleManager: Shutting down and abandoning module MovieSceneCapture (532)
[2017.10.03-13.24.14:275][376]LogModuleManager: Shutting down and abandoning module HierarchicalLODOutliner (530)
[2017.10.03-13.24.14:275][376]LogModuleManager: Shutting down and abandoning module AddContentDialog (528)
[2017.10.03-13.24.14:275][376]LogDirectoryWatcher: A directory notification for 'D:/UE_4.17/FeaturePacks/' was aborted.
[2017.10.03-13.24.14:276][376]LogModuleManager: Shutting down and abandoning module WidgetCarousel (527)
[2017.10.03-13.24.14:276][376]LogModuleManager: Shutting down and abandoning module EditorWidgets (524)
[2017.10.03-13.24.14:276][376]LogModuleManager: Shutting down and abandoning module CollectionManager (522)
[2017.10.03-13.24.14:276][376]LogDirectoryWatcher: A directory notification for 'C:/Users/tsny7/Documents/Unreal Projects/Pong/Content/Collections/' was aborted.
[2017.10.03-13.24.14:276][376]LogDirectoryWatcher: A directory notification for 'C:/Users/tsny7/Documents/Unreal Projects/Pong/Content/Developers/tsny7/Collections/' was aborted.
[2017.10.03-13.24.14:276][376]LogDirectoryWatcher: A directory notification for 'C:/Users/tsny7/Documents/Unreal Projects/Pong/Saved/Collections/' was aborted.
[2017.10.03-13.24.14:276][376]LogModuleManager: Shutting down and abandoning module SceneOutliner (520)
[2017.10.03-13.24.14:276][376]LogModuleManager: Shutting down and abandoning module StatsViewer (518)
[2017.10.03-13.24.14:276][376]LogModuleManager: Shutting down and abandoning module FoliageEdit (516)
[2017.10.03-13.24.14:276][376]LogModuleManager: Shutting down and abandoning module LandscapeEditor (514)
[2017.10.03-13.24.14:276][376]LogModuleManager: Shutting down and abandoning module MeshPaintMode (512)
[2017.10.03-13.24.14:276][376]LogModuleManager: Shutting down and abandoning module SceneDepthPickerMode (510)
[2017.10.03-13.24.14:276][376]LogModuleManager: Shutting down and abandoning module ActorPickerMode (508)
[2017.10.03-13.24.14:276][376]LogModuleManager: Shutting down and abandoning module GeometryMode (506)
[2017.10.03-13.24.14:276][376]LogModuleManager: Shutting down and abandoning module TextureAlignMode (504)
[2017.10.03-13.24.14:276][376]LogModuleManager: Shutting down and abandoning module BspMode (502)
[2017.10.03-13.24.14:276][376]LogModuleManager: Shutting down and abandoning module PIEPreviewDeviceProfileSelector (500)
[2017.10.03-13.24.14:276][376]LogModuleManager: Shutting down and abandoning module HardwareSurvey (498)
[2017.10.03-13.24.14:276][376]LogModuleManager: Shutting down and abandoning module SequenceRecorderSections (496)
[2017.10.03-13.24.14:276][376]LogModuleManager: Shutting down and abandoning module AutomationWorker (494)
[2017.10.03-13.24.14:276][376]LogModuleManager: Shutting down and abandoning module MatineeToLevelSequence (492)
[2017.10.03-13.24.14:276][376]LogModuleManager: Shutting down and abandoning module LevelSequenceEditor (490)
[2017.10.03-13.24.14:277][376]LogModuleManager: Shutting down and abandoning module PlacementMode (489)
[2017.10.03-13.24.14:277][376]LogModuleManager: Shutting down and abandoning module WmfMediaFactory (486)
[2017.10.03-13.24.14:277][376]LogModuleManager: Shutting down and abandoning module WmfMediaEditor (484)
[2017.10.03-13.24.14:277][376]LogModuleManager: Shutting down and abandoning module AvfMediaFactory (482)
[2017.10.03-13.24.14:277][376]LogModuleManager: Shutting down and abandoning module AvfMediaEditor (480)
[2017.10.03-13.24.14:277][376]LogModuleManager: Shutting down and abandoning module AndroidMediaFactory (478)
[2017.10.03-13.24.14:277][376]LogModuleManager: Shutting down and abandoning module Media (477)
[2017.10.03-13.24.14:277][376]LogModuleManager: Shutting down and abandoning module AndroidMediaEditor (474)
[2017.10.03-13.24.14:277][376]LogModuleManager: Shutting down and abandoning module CharacterAI (472)
[2017.10.03-13.24.14:277][376]LogModuleManager: Shutting down and abandoning module AudioCapture (470)
[2017.10.03-13.24.14:277][376]LogModuleManager: Shutting down and abandoning module SequenceRecorder (469)
[2017.10.03-13.24.14:277][376]LogModuleManager: Shutting down and abandoning module SmartSnapping (466)
[2017.10.03-13.24.14:277][376]LogModuleManager: Shutting down and abandoning module SessionServices (464)
[2017.10.03-13.24.14:277][376]LogModuleManager: Shutting down and abandoning module ViewportSnapping (462)
[2017.10.03-13.24.14:277][376]LogModuleManager: Shutting down and abandoning module ViewportInteraction (460)
[2017.10.03-13.24.14:277][376]LogModuleManager: Shutting down and abandoning module ClothPainter (458)
[2017.10.03-13.24.14:277][376]LogModuleManager: Shutting down and abandoning module LogVisualizer (456)
[2017.10.03-13.24.14:277][376]LogModuleManager: Shutting down and abandoning module IntroTutorials (454)
[2017.10.03-13.24.14:277][376]LogModuleManager: Shutting down and abandoning module GameProjectGeneration (453)
[2017.10.03-13.24.14:278][376]LogModuleManager: Shutting down and abandoning module IOSPlatformEditor (450)
[2017.10.03-13.24.14:278][376]LogModuleManager: Shutting down and abandoning module HTML5PlatformEditor (448)
[2017.10.03-13.24.14:278][376]LogModuleManager: Shutting down and abandoning module AndroidPlatformEditor (446)
[2017.10.03-13.24.14:278][376]LogModuleManager: Shutting down and abandoning module AndroidDeviceDetection (445)
[2017.10.03-13.24.14:362][376]LogModuleManager: Shutting down and abandoning module WindowsPlatformEditor (442)
[2017.10.03-13.24.14:362][376]LogModuleManager: Shutting down and abandoning module IOSRuntimeSettings (440)
[2017.10.03-13.24.14:362][376]LogModuleManager: Shutting down and abandoning module AndroidRuntimeSettings (438)
[2017.10.03-13.24.14:362][376]LogModuleManager: Shutting down and abandoning module InputBindingEditor (436)
[2017.10.03-13.24.14:362][376]LogModuleManager: Shutting down and abandoning module MergeActors (434)
[2017.10.03-13.24.14:365][376]LogModuleManager: Shutting down and abandoning module SizeMap (432)
[2017.10.03-13.24.14:365][376]LogModuleManager: Shutting down and abandoning module TreeMap (430)
[2017.10.03-13.24.14:365][376]LogModuleManager: Shutting down and abandoning module ReferenceViewer (428)
[2017.10.03-13.24.14:365][376]LogModuleManager: Shutting down and abandoning module LocalizationDashboard (426)
[2017.10.03-13.24.14:365][376]LogModuleManager: Shutting down and abandoning module LocalizationService (425)
[2017.10.03-13.24.14:365][376]LogModuleManager: Shutting down and abandoning module HardwareTargeting (422)
[2017.10.03-13.24.14:365][376]LogModuleManager: Shutting down and abandoning module DeviceProfileEditor (420)
[2017.10.03-13.24.14:365][376]LogModuleManager: Shutting down and abandoning module UndoHistory (418)
[2017.10.03-13.24.14:365][376]LogModuleManager: Shutting down and abandoning module XmlParser (416)
[2017.10.03-13.24.14:365][376]LogModuleManager: Shutting down and abandoning module Blutility (414)
[2017.10.03-13.24.14:365][376]LogModuleManager: Shutting down and abandoning module ProjectSettingsViewer (412)
[2017.10.03-13.24.14:365][376]LogModuleManager: Shutting down and abandoning module ProjectTargetPlatformEditor (411)
[2017.10.03-13.24.14:366][376]LogModuleManager: Shutting down and abandoning module EditorSettingsViewer (408)
[2017.10.03-13.24.14:366][376]LogModuleManager: Shutting down and abandoning module SettingsEditor (406)
[2017.10.03-13.24.14:366][376]LogModuleManager: Shutting down and abandoning module ProjectLauncher (404)
[2017.10.03-13.24.14:366][376]LogModuleManager: Shutting down and abandoning module SessionFrontend (402)
[2017.10.03-13.24.14:366][376]LogModuleManager: Shutting down and abandoning module ProfilerClient (400)
[2017.10.03-13.24.14:366][376]LogModuleManager: Shutting down and abandoning module DeviceManager (398)
[2017.10.03-13.24.14:366][376]LogModuleManager: Shutting down and abandoning module TargetDeviceServices (397)
[2017.10.03-13.24.14:421][376]LogModuleManager: Shutting down and abandoning module AutomationController (394)
[2017.10.03-13.24.14:421][376]LogModuleManager: Shutting down and abandoning module AutomationWindow (392)
[2017.10.03-13.24.14:421][376]LogModuleManager: Shutting down and abandoning module Layers (390)
[2017.10.03-13.24.14:422][376]LogModuleManager: Shutting down and abandoning module ComponentVisualizers (388)
[2017.10.03-13.24.14:422][376]LogModuleManager: Shutting down and abandoning module DetailCustomizations (386)
[2017.10.03-13.24.14:422][376]LogModuleManager: Shutting down and abandoning module PackagesDialog (384)
[2017.10.03-13.24.14:422][376]LogModuleManager: Shutting down and abandoning module Persona (382)
[2017.10.03-13.24.14:424][376]LogModuleManager: Shutting down and abandoning module AdvancedPreviewScene (381)
[2017.10.03-13.24.14:424][376]LogModuleManager: Shutting down and abandoning module AnimGraph (379)
[2017.10.03-13.24.14:424][376]LogModuleManager: Shutting down and abandoning module Kismet (376)
[2017.10.03-13.24.14:430][376]LogModuleManager: Shutting down and abandoning module ClassViewer (374)
[2017.10.03-13.24.14:431][376]LogModuleManager: Shutting down and abandoning module Toolbox (372)
[2017.10.03-13.24.14:431][376]LogModuleManager: Shutting down and abandoning module ModuleUI (370)
[2017.10.03-13.24.14:432][376]LogModuleManager: Shutting down and abandoning module MovieSceneTools (368)
[2017.10.03-13.24.14:432][376]LogModuleManager: Shutting down and abandoning module OutputLog (366)
[2017.10.03-13.24.14:432][376]LogModuleManager: Shutting down and abandoning module GammaUI (364)
[2017.10.03-13.24.14:432][376]LogModuleManager: Shutting down and abandoning module Documentation (362)
[2017.10.03-13.24.14:432][376]LogModuleManager: Shutting down and abandoning module MovieSceneTracks (360)
[2017.10.03-13.24.14:432][376]LogModuleManager: Shutting down and abandoning module MovieScene (358)
[2017.10.03-13.24.14:432][376]LogModuleManager: Shutting down and abandoning module Niagara (356)
[2017.10.03-13.24.14:432][376]LogModuleManager: Shutting down and abandoning module NiagaraEditor (355)
[2017.10.03-13.24.14:432][376]LogModuleManager: Shutting down and abandoning module StreamingPauseRendering (352)
[2017.10.03-13.24.14:432][376]LogModuleManager: Shutting down and abandoning module LauncherPlatform (350)
[2017.10.03-13.24.14:432][376]LogModuleManager: Shutting down and abandoning module AnalyticsET (348)
[2017.10.03-13.24.14:432][376]LogModuleManager: Shutting down and abandoning module PortalServices (346)
[2017.10.03-13.24.14:432][376]LogModuleManager: Shutting down and abandoning module PortalRpc (344)
[2017.10.03-13.24.14:433][376]LogModuleManager: Shutting down and abandoning module MessagingRpc (342)
[2017.10.03-13.24.14:433][376]LogModuleManager: Shutting down and abandoning module AIModule (340)
[2017.10.03-13.24.14:433][376]LogModuleManager: Shutting down and abandoning module GameplayDebugger (339)
[2017.10.03-13.24.14:433][376]LogModuleManager: Shutting down and abandoning module AITestSuite (337)
[2017.10.03-13.24.14:433][376]LogModuleManager: Shutting down and abandoning module ProfilerService (334)
[2017.10.03-13.24.14:534][376]LogModuleManager: Shutting down and abandoning module TaskGraph (332)
[2017.10.03-13.24.14:537][376]LogModuleManager: Shutting down and abandoning module SteamVRController (330)
[2017.10.03-13.24.14:537][376]LogModuleManager: Shutting down and abandoning module ProceduralMeshComponentEditor (328)
[2017.10.03-13.24.14:537][376]LogModuleManager: Shutting down and abandoning module ProceduralMeshComponent (326)
[2017.10.03-13.24.14:537][376]LogModuleManager: Shutting down and abandoning module OculusInput (324)
[2017.10.03-13.24.14:537][376]LogModuleManager: Shutting down and abandoning module MobilePatchingUtils (322)
[2017.10.03-13.24.14:537][376]LogModuleManager: Shutting down and abandoning module CustomMeshComponent (320)
[2017.10.03-13.24.14:537][376]LogModuleManager: Shutting down and abandoning module CableComponent (318)
[2017.10.03-13.24.14:537][376]LogModuleManager: Shutting down and abandoning module ArchVisCharacter (316)
[2017.10.03-13.24.14:537][376]LogModuleManager: Shutting down and abandoning module AndroidPermission (314)
[2017.10.03-13.24.14:537][376]LogModuleManager: Shutting down and abandoning module MediaPlayerEditor (310)
[2017.10.03-13.24.14:537][376]LogModuleManager: Shutting down and abandoning module HTML5Networking (308)
[2017.10.03-13.24.14:537][376]LogModuleManager: Shutting down and abandoning module AlembicImporter (306)
[2017.10.03-13.24.14:538][376]LogModuleManager: Shutting down and abandoning module AlembicLibrary (305)
[2017.10.03-13.24.14:538][376]LogModuleManager: Shutting down and abandoning module GeometryCache (304)
[2017.10.03-13.24.14:538][376]LogModuleManager: Shutting down and abandoning module GeometryCacheEd (303)
[2017.10.03-13.24.14:538][376]LogModuleManager: Shutting down and abandoning module SpeedTreeImporter (298)
[2017.10.03-13.24.14:538][376]LogModuleManager: Shutting down and abandoning module PluginBrowser (296)
[2017.10.03-13.24.14:538][376]LogModuleManager: Shutting down and abandoning module MobileLauncherProfileWizard (294)
[2017.10.03-13.24.14:538][376]LogModuleManager: Shutting down and abandoning module VisualStudioSourceCodeAccess (292)
[2017.10.03-13.24.14:538][376]LogModuleManager: Shutting down and abandoning module DesktopPlatform (291)
[2017.10.03-13.24.14:538][376]LogModuleManager: Shutting down and abandoning module UObjectPlugin (288)
[2017.10.03-13.24.14:538][376]LogModuleManager: Shutting down and abandoning module SubversionSourceControl (286)
[2017.10.03-13.24.14:538][376]LogModuleManager: Shutting down and abandoning module PerforceSourceControl (284)
[2017.10.03-13.24.14:538][376]LogModuleManager: Shutting down and abandoning module GitSourceControl (282)
[2017.10.03-13.24.14:538][376]LogModuleManager: Shutting down and abandoning module SourceControl (281)
[2017.10.03-13.24.14:538][376]LogModuleManager: Shutting down and abandoning module LightPropagationVolumeEditor (278)
[2017.10.03-13.24.14:538][376]LogModuleManager: Shutting down and abandoning module PaperTiledImporter (276)
[2017.10.03-13.24.14:538][376]LogModuleManager: Shutting down and abandoning module PaperSpriteSheetImporter (274)
[2017.10.03-13.24.14:538][376]LogModuleManager: Shutting down and abandoning module Paper2DEditor (272)
[2017.10.03-13.24.14:538][376]LogModuleManager: Shutting down and abandoning module MeshPaint (271)
[2017.10.03-13.24.14:538][376]LogModuleManager: Shutting down and abandoning module LevelEditor (269)
[2017.10.03-13.24.14:539][376]LogModuleManager: Shutting down and abandoning module PixelInspectorModule (268)
[2017.10.03-13.24.14:539][376]LogModuleManager: Shutting down and abandoning module MainFrame (266)
[2017.10.03-13.24.14:539][376]LogModuleManager: Shutting down and abandoning module HotReload (265)
[2017.10.03-13.24.14:539][376]LogModuleManager: Shutting down and abandoning module RuntimePhysXCooking (260)
[2017.10.03-13.24.14:539][376]LogModuleManager: Shutting down and abandoning module PhysXVehiclesEditor (258)
[2017.10.03-13.24.14:539][376]LogModuleManager: Shutting down and abandoning module PhysXVehicles (256)
[2017.10.03-13.24.14:539][376]LogModuleManager: Shutting down and abandoning module OculusEditor (254)
[2017.10.03-13.24.14:539][376]LogModuleManager: Shutting down and abandoning module LocationServicesBPLibrary (252)
[2017.10.03-13.24.14:539][376]LogModuleManager: Shutting down and abandoning module ImmediatePhysicsEditor (250)
[2017.10.03-13.24.14:539][376]LogModuleManager: Shutting down and abandoning module ImmediatePhysics (248)
[2017.10.03-13.24.14:539][376]LogModuleManager: Shutting down and abandoning module UdpMessaging (246)
[2017.10.03-13.24.14:641][376]LogModuleManager: Shutting down and abandoning module TcpMessaging (244)
[2017.10.03-13.24.14:742][376]LogModuleManager: Shutting down and abandoning module GameplayTagsEditor (242)
[2017.10.03-13.24.14:745][376]LogModuleManager: Shutting down and abandoning module FacialAnimationEditor (240)
[2017.10.03-13.24.14:745][376]LogModuleManager: Shutting down and abandoning module FacialAnimation (238)
[2017.10.03-13.24.14:745][376]LogModuleManager: Shutting down and abandoning module AssetManagerEditor (236)
[2017.10.03-13.24.14:745][376]LogModuleManager: Shutting down and abandoning module GraphEditor (235)
[2017.10.03-13.24.14:745][376]LogModuleManager: Shutting down and abandoning module ContentBrowser (233)
[2017.10.03-13.24.14:745][376]LogModuleManager: Shutting down and abandoning module LightPropagationVolumeRuntime (230)
[2017.10.03-13.24.14:745][376]LogModuleManager: Shutting down and abandoning module Paper2D (228)
[2017.10.03-13.24.14:746][376]LogModuleManager: Shutting down and abandoning module WindowsMoviePlayer (226)
[2017.10.03-13.24.14:746][376]LogModuleManager: Shutting down and abandoning module WmfMedia (224)
[2017.10.03-13.24.14:746][376]LogModuleManager: Shutting down and abandoning module PacketHandler (222)
[2017.10.03-13.24.14:746][376]LogModuleManager: Shutting down and abandoning module ClothingSystemEditor (220)
[2017.10.03-13.24.14:746][376]LogModuleManager: Shutting down and abandoning module ClothingSystemRuntime (218)
[2017.10.03-13.24.14:746][376]LogModuleManager: Shutting down and abandoning module Overlay (216)
[2017.10.03-13.24.14:746][376]LogModuleManager: Shutting down and abandoning module OverlayEditor (215)
[2017.10.03-13.24.14:746][376]LogModuleManager: Shutting down and abandoning module MediaAssets (212)
[2017.10.03-13.24.14:746][376]LogModuleManager: Shutting down and abandoning module VREditor (210)
[2017.10.03-13.24.14:746][376]LogModuleManager: Shutting down and abandoning module StringTableEditor (208)
[2017.10.03-13.24.14:747][376]LogModuleManager: Shutting down and abandoning module GameplayTasksEditor (206)
[2017.10.03-13.24.14:747][376]LogModuleManager: Shutting down and abandoning module BehaviorTreeEditor (204)
[2017.10.03-13.24.14:747][376]LogModuleManager: Shutting down and abandoning module FunctionalTesting (202)
[2017.10.03-13.24.14:747][376]LogModuleManager: Shutting down and abandoning module CollisionAnalyzer (200)
[2017.10.03-13.24.14:747][376]LogModuleManager: Shutting down and abandoning module WorkspaceMenuStructure (199)
[2017.10.03-13.24.14:747][376]LogModuleManager: Shutting down and abandoning module UMG (196)
[2017.10.03-13.24.14:747][376]LogModuleManager: Shutting down and abandoning module UMGEditor (195)
[2017.10.03-13.24.14:748][376]LogModuleManager: Shutting down and abandoning module Sequencer (194)
[2017.10.03-13.24.14:748][376]LogModuleManager: Shutting down and abandoning module MessageLog (191)
[2017.10.03-13.24.14:749][376]LogModuleManager: Shutting down and abandoning module SlateReflector (186)
[2017.10.03-13.24.14:749][376]LogModuleManager: Shutting down and abandoning module Slate (184)
[2017.10.03-13.24.14:749][376]LogModuleManager: Shutting down and abandoning module EditorStyle (182)
[2017.10.03-13.24.14:751][376]LogModuleManager: Shutting down and abandoning module MRMesh (180)
[2017.10.03-13.24.14:751][376]LogModuleManager: Shutting down and abandoning module SourceCodeAccess (178)
[2017.10.03-13.24.14:751][376]LogModuleManager: Shutting down and abandoning module HeadMountedDisplay (176)
[2017.10.03-13.24.14:751][376]LogModuleManager: Shutting down and abandoning module XAudio2 (174)
[2017.10.03-13.24.14:751][376]LogModuleManager: Shutting down and abandoning module Networking (172)
[2017.10.03-13.24.14:751][376]LogModuleManager: Shutting down and abandoning module Core (168)
[2017.10.03-13.24.14:751][376]LogModuleManager: Shutting down and abandoning module KismetCompiler (164)
[2017.10.03-13.24.14:751][376]LogModuleManager: Shutting down and abandoning module LevelSequence (162)
[2017.10.03-13.24.14:751][376]LogModuleManager: Shutting down and abandoning module MeshUtilities (160)
[2017.10.03-13.24.14:751][376]LogModuleManager: Shutting down and abandoning module MeshMergeUtilities (159)
[2017.10.03-13.24.14:751][376]LogModuleManager: Shutting down and abandoning module MeshReductionInterface (158)
[2017.10.03-13.24.14:751][376]LogModuleManager: Shutting down and abandoning module SimplygonSwarm (157)
[2017.10.03-13.24.14:751][376]LogModuleManager: Shutting down and abandoning module SimplygonMeshReduction (155)
[2017.10.03-13.24.14:751][376]LogModuleManager: Shutting down and abandoning module QuadricMeshReduction (153)
[2017.10.03-13.24.14:751][376]LogModuleManager: Shutting down and abandoning module MaterialBaking (149)
[2017.10.03-13.24.14:751][376]LogModuleManager: Shutting down and abandoning module DirectoryWatcher (146)
[2017.10.03-13.24.14:752][376]LogModuleManager: Shutting down and abandoning module DerivedDataCache (144)
[2017.10.03-13.24.14:766][376]LogDerivedDataCache: Shutdown
[2017.10.03-13.24.14:766][376]LogModuleManager: Shutting down and abandoning module TargetPlatform (142)
[2017.10.03-13.24.14:766][376]LogModuleManager: Shutting down and abandoning module VulkanShaderFormat (141)
[2017.10.03-13.24.14:766][376]LogModuleManager: Shutting down and abandoning module ShaderFormatVectorVM (139)
[2017.10.03-13.24.14:766][376]LogModuleManager: Shutting down and abandoning module ShaderFormatOpenGL (137)
[2017.10.03-13.24.14:766][376]LogModuleManager: Shutting down and abandoning module ShaderFormatD3D (135)
[2017.10.03-13.24.14:766][376]LogModuleManager: Shutting down and abandoning module MetalShaderFormat (133)
[2017.10.03-13.24.14:767][376]LogModuleManager: Shutting down and abandoning module TextureFormatUncompressed (131)
[2017.10.03-13.24.14:767][376]LogModuleManager: Shutting down and abandoning module TextureFormatPVR (129)
[2017.10.03-13.24.14:767][376]LogModuleManager: Shutting down and abandoning module TextureFormatDXT (127)
[2017.10.03-13.24.14:767][376]LogModuleManager: Shutting down and abandoning module TextureFormatIntelISPCTexComp (125)
[2017.10.03-13.24.14:767][376]LogModuleManager: Shutting down and abandoning module TextureFormatASTC (123)
[2017.10.03-13.24.14:767][376]LogModuleManager: Shutting down and abandoning module ImageWrapper (122)
[2017.10.03-13.24.14:767][376]LogModuleManager: Shutting down and abandoning module TextureFormatAndroid (119)
[2017.10.03-13.24.14:767][376]LogModuleManager: Shutting down and abandoning module AudioFormatOpus (117)
[2017.10.03-13.24.14:767][376]LogModuleManager: Shutting down and abandoning module AudioFormatOgg (115)
[2017.10.03-13.24.14:767][376]LogModuleManager: Shutting down and abandoning module AudioFormatADPCM (113)
[2017.10.03-13.24.14:767][376]LogModuleManager: Shutting down and abandoning module LinuxTargetPlatform (111)
[2017.10.03-13.24.14:767][376]LogModuleManager: Shutting down and abandoning module LinuxServerTargetPlatform (109)
[2017.10.03-13.24.14:767][376]LogModuleManager: Shutting down and abandoning module LinuxNoEditorTargetPlatform (107)
[2017.10.03-13.24.14:767][376]LogModuleManager: Shutting down and abandoning module LinuxClientTargetPlatform (105)
[2017.10.03-13.24.14:767][376]LogModuleManager: Shutting down and abandoning module TVOSTargetPlatform (103)
[2017.10.03-13.24.14:767][376]LogModuleManager: Shutting down and abandoning module Messaging (101)
[2017.10.03-13.24.14:767][376]LogModuleManager: Shutting down and abandoning module IOSTargetPlatform (99)
[2017.10.03-13.24.14:767][376]LogModuleManager: Shutting down and abandoning module HTML5TargetPlatform (97)
[2017.10.03-13.24.14:767][376]LogModuleManager: Shutting down and abandoning module Android_PVRTCTargetPlatform (95)
[2017.10.03-13.24.14:767][376]LogModuleManager: Shutting down and abandoning module Android_MultiTargetPlatform (93)
[2017.10.03-13.24.14:767][376]LogModuleManager: Shutting down and abandoning module Android_ETC2TargetPlatform (91)
[2017.10.03-13.24.14:767][376]LogModuleManager: Shutting down and abandoning module Android_ETC1TargetPlatform (89)
[2017.10.03-13.24.14:767][376]LogModuleManager: Shutting down and abandoning module Android_DXTTargetPlatform (87)
[2017.10.03-13.24.14:767][376]LogModuleManager: Shutting down and abandoning module Android_ATCTargetPlatform (85)
[2017.10.03-13.24.14:767][376]LogModuleManager: Shutting down and abandoning module Android_ASTCTargetPlatform (83)
[2017.10.03-13.24.14:767][376]LogModuleManager: Shutting down and abandoning module AndroidTargetPlatform (81)
[2017.10.03-13.24.14:767][376]LogModuleManager: Shutting down and abandoning module WindowsTargetPlatform (79)
[2017.10.03-13.24.14:767][376]LogModuleManager: Shutting down and abandoning module WindowsServerTargetPlatform (77)
[2017.10.03-13.24.14:767][376]LogModuleManager: Shutting down and abandoning module WindowsNoEditorTargetPlatform (75)
[2017.10.03-13.24.14:767][376]LogModuleManager: Shutting down and abandoning module WindowsClientTargetPlatform (73)
[2017.10.03-13.24.14:767][376]LogModuleManager: Shutting down and abandoning module MacTargetPlatform (71)
[2017.10.03-13.24.14:767][376]LogModuleManager: Shutting down and abandoning module MacServerTargetPlatform (69)
[2017.10.03-13.24.14:767][376]LogModuleManager: Shutting down and abandoning module MacNoEditorTargetPlatform (67)
[2017.10.03-13.24.14:767][376]LogModuleManager: Shutting down and abandoning module MacClientTargetPlatform (65)
[2017.10.03-13.24.14:767][376]LogModuleManager: Shutting down and abandoning module AllDesktopTargetPlatform (63)
[2017.10.03-13.24.14:768][376]LogModuleManager: Shutting down and abandoning module InputCore (60)
[2017.10.03-13.24.14:768][376]LogModuleManager: Shutting down and abandoning module Settings (58)
[2017.10.03-13.24.14:768][376]LogModuleManager: Shutting down and abandoning module PhysXCooking (56)
[2017.10.03-13.24.14:768][376]LogModuleManager: Shutting down and abandoning module SteamVR (54)
[2017.10.03-13.24.14:768][376]LogModuleManager: Shutting down and abandoning module OculusHMD (52)
[2017.10.03-13.24.14:768][376]LogModuleManager: Shutting down and abandoning module ExampleDeviceProfileSelector (50)
[2017.10.03-13.24.14:768][376]LogModuleManager: Shutting down and abandoning module OnlineBlueprintSupport (48)
[2017.10.03-13.24.14:768][376]LogModuleManager: Shutting down and abandoning module OnlineSubsystem (44)
[2017.10.03-13.24.14:768][376]LogOnline: Display: Unloading online subsystem: NULL
[2017.10.03-13.24.14:768][376]LogModuleManager: Shutting down and abandoning module XMPP (43)
[2017.10.03-13.24.14:768][376]LogModuleManager: Shutting down and abandoning module HTTP (41)
[2017.10.03-13.24.14:768][376]LogHttp: Display: Http module shutting down, but needs to wait on 2 outstanding Http requests:
[2017.10.03-13.24.14:768][376]LogHttp: Display: 	verb=[POST] url=[https://datarouter.ol.epicgames.com/datarouter/api/v1/public/data?SessionID=%7B7883BC00-4ECA-5FFF-37DA-CC9DFF84E332%7D&AppID=UEEditor.Rocket.Release&AppVersion=4.17.2-3658906%2B%2B%2BUE4%2BRelease-4.17&UserID=b4d9a39b4e47fd22029e5cb68b6900ab%7C2274f703298a449693c3d7a24f48bde9%7C77b2fe78-1533-4f5b-896a-dfa70f4a6115&AppEnvironment=datacollector-binary&UploadType=eteventstream] status=Processing
[2017.10.03-13.24.14:768][376]LogHttp: Display: 	verb=[POST] url=[https://datarouter.ol.epicgames.com/datarouter/api/v1/public/data?SessionID=%7B7883BC00-4ECA-5FFF-37DA-CC9DFF84E332%7D&AppID=UEEditor.Rocket.Release&AppVersion=4.17.2-3658906%2B%2B%2BUE4%2BRelease-4.17&UserID=b4d9a39b4e47fd22029e5cb68b6900ab%7C2274f703298a449693c3d7a24f48bde9%7C77b2fe78-1533-4f5b-896a-dfa70f4a6115&AppEnvironment=datacollector-binary&UploadType=eteventstream] status=Processing
[2017.10.03-13.24.14:798][376]LogModuleManager: Shutting down and abandoning module SSL (40)
[2017.10.03-13.24.14:799][376]LogModuleManager: Shutting down and abandoning module AnimationModifiers (36)
[2017.10.03-13.24.14:799][376]LogModuleManager: Shutting down and abandoning module PropertyEditor (35)
[2017.10.03-13.24.14:799][376]LogModuleManager: Shutting down and abandoning module AudioEditor (32)
[2017.10.03-13.24.14:800][376]LogModuleManager: Shutting down and abandoning module TextureCompressor (30)
[2017.10.03-13.24.14:800][376]LogModuleManager: Shutting down and abandoning module ShaderCore (28)
[2017.10.03-13.24.14:800][376]LogModuleManager: Shutting down and abandoning module Landscape (26)
[2017.10.03-13.24.14:800][376]LogModuleManager: Shutting down and abandoning module SlateRHIRenderer (24)
[2017.10.03-13.24.14:801][376]LogModuleManager: Shutting down and abandoning module OpenGLDrv (22)
[2017.10.03-13.24.14:801][376]LogModuleManager: Shutting down and abandoning module D3D11RHI (20)
[2017.10.03-13.24.14:801][376]LogModuleManager: Shutting down and abandoning module AnimGraphRuntime (18)
[2017.10.03-13.24.14:801][376]LogModuleManager: Shutting down and abandoning module Renderer (16)
[2017.10.03-13.24.14:801][376]LogModuleManager: Shutting down and abandoning module Engine (14)
[2017.10.03-13.24.14:801][376]LogModuleManager: Shutting down and abandoning module CoreUObject (12)
[2017.10.03-13.24.14:801][376]LogModuleManager: Shutting down and abandoning module NetworkFile (10)
[2017.10.03-13.24.14:801][376]LogModuleManager: Shutting down and abandoning module CookedIterativeFile (8)
[2017.10.03-13.24.14:801][376]LogModuleManager: Shutting down and abandoning module StreamingFile (6)
[2017.10.03-13.24.14:801][376]LogModuleManager: Shutting down and abandoning module SandboxFile (4)
[2017.10.03-13.24.14:801][376]LogModuleManager: Shutting down and abandoning module PakFile (2)
[2017.10.03-13.24.14:804][376]LogExit: Exiting.
[2017.10.03-13.24.14:849][376]Log file closed, 10/03/17 08:24:14
